1951 processing [IA0112] ALBIA
1951 processing [IA0133] ALGONA
1951 processing [IA0157] ALLISON
1951 processing [IA0200] AMES-8-WSW
1951 processing [IA0213] ANAMOSA-1-WNW
1951 processing [IA0241] ANKENY-3-S
1951 processing [IA0364] ATLANTIC-1-NE
1951 processing [IA0385] AUDUBON
1951 processing [IA0576] BEDFORD-1-NNW
1951 processing [IA0600] BELLE-PLAINE
1951 processing [IA0608] BELLEVUE-L-AND-D-12
1951 processing [IA0753] BLOOMFIELD
1951 processing [IA0923] BRITT
1951 processing [IA1233] CARROLL-2-SSW
1951 processing [IA1257] CASCADE
1951 processing [IA1277] CASTANA-EXP-FARM
1951 processing [IA1319] CEDAR-RAPIDS-1
1951 processing [IA1354] CENTERVILLE
1951 processing [IA1394] CHARITON
1951 processing [IA1402] CHARLES-CITY
1951 processing [IA1442] CHEROKEE
1951 processing [IA1533] CLARINDA
1951 processing [IA1541] CLARION
1951 processing [IA1635] CLINTON-1
1951 processing [IA1731] COLUMBUS-JCT-2-SSW
1951 processing [IA1833] CORNING
1951 processing [IA1954] CRESCO-1-NE
1951 processing [IA2110] DECORAH-2-N
1951 processing [IA2171] DENISON
1951 processing [IA2364] DUBUQUE-LOCK-AND-DAM
1951 processing [IA2689] EMMETSBURG
1951 processing [IA2724] ESTHERVILLE-2-N
1951 processing [IA2789] FAIRFIELD
1951 processing [IA2864] FAYETTE
1951 processing [IA2977] FOREST-CITY
1951 processing [IA2999] FORT-DODGE
1951 processing [IA3007] FORT-MADISON
1951 processing [IA3290] GLENWOOD
1951 processing [IA3438] GREENFIELD
1951 processing [IA3473] GRINNELL-3-SW
1951 processing [IA3487] GRUNDY-CENTER
1951 processing [IA3509] GUTHRIE-CENTER
1951 processing [IA3517] GUTTENBERG-L-AND-D-10
1951 processing [IA3584] HAMPTON-2-NW
1951 processing [IA3632] HARLAN
1951 processing [IA3718] HAWARDEN
1951 processing [IA4038] IDA-GROVE
1951 processing [IA4063] INDIANOLA-2-SSW
1951 processing [IA4101] IOWA-CITY
1951 processing [IA4142] IOWA-FALLS
1951 processing [IA4228] JEFFERSON
1951 processing [IA4389] KEOSAUQUA
1951 processing [IA4502] KNOXVILLE
1951 processing [IA4735] LEMARS
1951 processing [IA4894] LOGAN
1951 processing [IA5086] MANCHESTER-2
1951 processing [IA5131] MAQUOKETA-2-W
1951 processing [IA5198] MARSHALLTOWN
1951 processing [IA5230] MASON-CITY
1951 processing [IA5493] MILFORD-4-NW
1951 processing [IA5769] MOUNT-AYR
1951 processing [IA5796] MOUNT-PLEASANT
1951 processing [IA5837] MUSCATINE
1951 processing [IA5952] NEW-HAMPTON
1951 processing [IA5992] NEWTON
1951 processing [IA6103] NORTHWOOD
1951 processing [IA6151] OAKLAND-2-E
1951 processing [IA6200] OELWEIN-2-S
1951 processing [IA6243] ONAWA
1951 processing [IA6305] OSAGE
1951 processing [IA6316] OSCEOLA-3-WSW
1951 processing [IA6327] OSKALOOSA
1951 processing [IA6566] PERRY
1951 processing [IA6719] POCAHONTAS
1951 processing [IA6800] PRIMGHAR
1951 processing [IA6940] RED-OAK
1951 processing [IA7147] ROCK-RAPIDS
1951 processing [IA7161] ROCKWELL-CITY
1951 processing [IA7312] SAC-CITY
1951 processing [IA7613] SHENANDOAH-1-NE
1951 processing [IA7664] SIBLEY-5-NNE
1951 processing [IA7669] SIDNEY
1951 processing [IA7678] SIGOURNEY
1951 processing [IA7708] SIOUX-CITY-WSO-AP
1951 processing [IA7726] SIOUX-RAPIDS
1951 processing [IA7979] STORM-LAKE-2-E
1951 processing [IA8266] TIPTON
1951 processing [IA8296] TOLEDO
1951 processing [IA8339] TRIPOLI-4-N
1951 processing [IA8568] VINTON
1951 processing [IA8688] WASHINGTON
1951 processing [IA8755] WAUKON
1951 processing [IA8806] WEBSTER-CITY
1951 processing [IA9067] WILLIAMSBURG
1951 processing [IA9132] WINTERSET
1952 processing [IA0112] ALBIA
1952 processing [IA0133] ALGONA
1952 processing [IA0157] ALLISON
1952 processing [IA0200] AMES-8-WSW
1952 processing [IA0213] ANAMOSA-1-WNW
1952 processing [IA0241] ANKENY-3-S
1952 processing [IA0364] ATLANTIC-1-NE
1952 processing [IA0385] AUDUBON
1952 processing [IA0576] BEDFORD-1-NNW
1952 processing [IA0600] BELLE-PLAINE
1952 processing [IA0608] BELLEVUE-L-AND-D-12
1952 processing [IA0753] BLOOMFIELD
1952 processing [IA0923] BRITT
1952 processing [IA1233] CARROLL-2-SSW
1952 processing [IA1257] CASCADE
1952 processing [IA1277] CASTANA-EXP-FARM
1952 processing [IA1319] CEDAR-RAPIDS-1
1952 processing [IA1354] CENTERVILLE
1952 processing [IA1394] CHARITON
1952 processing [IA1402] CHARLES-CITY
1952 processing [IA1442] CHEROKEE
1952 processing [IA1533] CLARINDA
1952 processing [IA1541] CLARION
1952 processing [IA1635] CLINTON-1
1952 processing [IA1731] COLUMBUS-JCT-2-SSW
1952 processing [IA1833] CORNING
1952 processing [IA1954] CRESCO-1-NE
1952 processing [IA2110] DECORAH-2-N
1952 processing [IA2171] DENISON
1952 processing [IA2364] DUBUQUE-LOCK-AND-DAM
1952 processing [IA2689] EMMETSBURG
1952 processing [IA2724] ESTHERVILLE-2-N
1952 processing [IA2789] FAIRFIELD
1952 processing [IA2864] FAYETTE
1952 processing [IA2977] FOREST-CITY
1952 processing [IA2999] FORT-DODGE
1952 processing [IA3007] FORT-MADISON
1952 processing [IA3290] GLENWOOD
1952 processing [IA3438] GREENFIELD
1952 processing [IA3473] GRINNELL-3-SW
1952 processing [IA3487] GRUNDY-CENTER
1952 processing [IA3509] GUTHRIE-CENTER
1952 processing [IA3517] GUTTENBERG-L-AND-D-10
1952 processing [IA3584] HAMPTON-2-NW
1952 processing [IA3632] HARLAN
1952 processing [IA3718] HAWARDEN
1952 processing [IA4038] IDA-GROVE
1952 processing [IA4063] INDIANOLA-2-SSW
1952 processing [IA4101] IOWA-CITY
1952 processing [IA4142] IOWA-FALLS
1952 processing [IA4228] JEFFERSON
1952 processing [IA4389] KEOSAUQUA
1952 processing [IA4502] KNOXVILLE
1952 processing [IA4735] LEMARS
1952 processing [IA4894] LOGAN
1952 processing [IA5086] MANCHESTER-2
1952 processing [IA5131] MAQUOKETA-2-W
1952 processing [IA5198] MARSHALLTOWN
1952 processing [IA5230] MASON-CITY
1952 processing [IA5493] MILFORD-4-NW
1952 processing [IA5769] MOUNT-AYR
1952 processing [IA5796] MOUNT-PLEASANT
1952 processing [IA5837] MUSCATINE
1952 processing [IA5952] NEW-HAMPTON
1952 processing [IA5992] NEWTON
1952 processing [IA6103] NORTHWOOD
1952 processing [IA6151] OAKLAND-2-E
1952 processing [IA6200] OELWEIN-2-S
1952 processing [IA6243] ONAWA
1952 processing [IA6305] OSAGE
1952 processing [IA6316] OSCEOLA-3-WSW
1952 processing [IA6327] OSKALOOSA
1952 processing [IA6566] PERRY
1952 processing [IA6719] POCAHONTAS
1952 processing [IA6800] PRIMGHAR
1952 processing [IA6940] RED-OAK
1952 processing [IA7147] ROCK-RAPIDS
1952 processing [IA7161] ROCKWELL-CITY
1952 processing [IA7312] SAC-CITY
1952 processing [IA7613] SHENANDOAH-1-NE
1952 processing [IA7664] SIBLEY-5-NNE
1952 processing [IA7669] SIDNEY
1952 processing [IA7678] SIGOURNEY
1952 processing [IA7708] SIOUX-CITY-WSO-AP
1952 processing [IA7726] SIOUX-RAPIDS
1952 processing [IA7979] STORM-LAKE-2-E
1952 processing [IA8266] TIPTON
1952 processing [IA8296] TOLEDO
1952 processing [IA8339] TRIPOLI-4-N
1952 processing [IA8568] VINTON
1952 processing [IA8688] WASHINGTON
1952 processing [IA8755] WAUKON
1952 processing [IA8806] WEBSTER-CITY
1952 processing [IA9067] WILLIAMSBURG
1952 processing [IA9132] WINTERSET
1953 processing [IA0112] ALBIA
1953 processing [IA0133] ALGONA
1953 processing [IA0157] ALLISON
1953 processing [IA0200] AMES-8-WSW
1953 processing [IA0213] ANAMOSA-1-WNW
1953 processing [IA0241] ANKENY-3-S
1953 processing [IA0364] ATLANTIC-1-NE
1953 processing [IA0385] AUDUBON
1953 processing [IA0576] BEDFORD-1-NNW
1953 processing [IA0600] BELLE-PLAINE
1953 processing [IA0608] BELLEVUE-L-AND-D-12
1953 processing [IA0753] BLOOMFIELD
1953 processing [IA0923] BRITT
1953 processing [IA1233] CARROLL-2-SSW
1953 processing [IA1257] CASCADE
1953 processing [IA1277] CASTANA-EXP-FARM
1953 processing [IA1319] CEDAR-RAPIDS-1
1953 processing [IA1354] CENTERVILLE
1953 processing [IA1394] CHARITON
1953 processing [IA1402] CHARLES-CITY
1953 processing [IA1442] CHEROKEE
1953 processing [IA1533] CLARINDA
1953 processing [IA1541] CLARION
1953 processing [IA1635] CLINTON-1
1953 processing [IA1731] COLUMBUS-JCT-2-SSW
1953 processing [IA1833] CORNING
1953 processing [IA1954] CRESCO-1-NE
1953 processing [IA2110] DECORAH-2-N
1953 processing [IA2171] DENISON
1953 processing [IA2364] DUBUQUE-LOCK-AND-DAM
1953 processing [IA2689] EMMETSBURG
1953 processing [IA2724] ESTHERVILLE-2-N
1953 processing [IA2789] FAIRFIELD
1953 processing [IA2864] FAYETTE
1953 processing [IA2977] FOREST-CITY
1953 processing [IA2999] FORT-DODGE
1953 processing [IA3007] FORT-MADISON
1953 processing [IA3290] GLENWOOD
1953 processing [IA3438] GREENFIELD
1953 processing [IA3473] GRINNELL-3-SW
1953 processing [IA3487] GRUNDY-CENTER
1953 processing [IA3509] GUTHRIE-CENTER
1953 processing [IA3517] GUTTENBERG-L-AND-D-10
1953 processing [IA3584] HAMPTON-2-NW
1953 processing [IA3632] HARLAN
1953 processing [IA3718] HAWARDEN
1953 processing [IA4038] IDA-GROVE
1953 processing [IA4063] INDIANOLA-2-SSW
1953 processing [IA4101] IOWA-CITY
1953 processing [IA4142] IOWA-FALLS
1953 processing [IA4228] JEFFERSON
1953 processing [IA4389] KEOSAUQUA
1953 processing [IA4502] KNOXVILLE
1953 processing [IA4735] LEMARS
1953 processing [IA4894] LOGAN
1953 processing [IA5086] MANCHESTER-2
1953 processing [IA5131] MAQUOKETA-2-W
1953 processing [IA5198] MARSHALLTOWN
1953 processing [IA5230] MASON-CITY
1953 processing [IA5493] MILFORD-4-NW
1953 processing [IA5769] MOUNT-AYR
1953 processing [IA5796] MOUNT-PLEASANT
1953 processing [IA5837] MUSCATINE
1953 processing [IA5952] NEW-HAMPTON
1953 processing [IA5992] NEWTON
1953 processing [IA6103] NORTHWOOD
1953 processing [IA6151] OAKLAND-2-E
1953 processing [IA6200] OELWEIN-2-S
1953 processing [IA6243] ONAWA
1953 processing [IA6305] OSAGE
1953 processing [IA6316] OSCEOLA-3-WSW
1953 processing [IA6327] OSKALOOSA
1953 processing [IA6566] PERRY
1953 processing [IA6719] POCAHONTAS
1953 processing [IA6800] PRIMGHAR
1953 processing [IA6940] RED-OAK
1953 processing [IA7147] ROCK-RAPIDS
1953 processing [IA7161] ROCKWELL-CITY
1953 processing [IA7312] SAC-CITY
1953 processing [IA7613] SHENANDOAH-1-NE
1953 processing [IA7664] SIBLEY-5-NNE
1953 processing [IA7669] SIDNEY
1953 processing [IA7678] SIGOURNEY
1953 processing [IA7708] SIOUX-CITY-WSO-AP
1953 processing [IA7726] SIOUX-RAPIDS
1953 processing [IA7979] STORM-LAKE-2-E
1953 processing [IA8266] TIPTON
1953 processing [IA8296] TOLEDO
1953 processing [IA8339] TRIPOLI-4-N
1953 processing [IA8568] VINTON
1953 processing [IA8688] WASHINGTON
1953 processing [IA8755] WAUKON
1953 processing [IA8806] WEBSTER-CITY
1953 processing [IA9067] WILLIAMSBURG
1953 processing [IA9132] WINTERSET
1954 processing [IA0112] ALBIA
1954 processing [IA0133] ALGONA
1954 processing [IA0157] ALLISON
1954 processing [IA0200] AMES-8-WSW
1954 processing [IA0213] ANAMOSA-1-WNW
1954 processing [IA0241] ANKENY-3-S
1954 processing [IA0364] ATLANTIC-1-NE
1954 processing [IA0385] AUDUBON
1954 processing [IA0576] BEDFORD-1-NNW
1954 processing [IA0600] BELLE-PLAINE
1954 processing [IA0608] BELLEVUE-L-AND-D-12
1954 processing [IA0753] BLOOMFIELD
1954 processing [IA0923] BRITT
1954 processing [IA1233] CARROLL-2-SSW
1954 processing [IA1257] CASCADE
1954 processing [IA1277] CASTANA-EXP-FARM
1954 processing [IA1319] CEDAR-RAPIDS-1
1954 processing [IA1354] CENTERVILLE
1954 processing [IA1394] CHARITON
1954 processing [IA1402] CHARLES-CITY
1954 processing [IA1442] CHEROKEE
1954 processing [IA1533] CLARINDA
1954 processing [IA1541] CLARION
1954 processing [IA1635] CLINTON-1
1954 processing [IA1731] COLUMBUS-JCT-2-SSW
1954 processing [IA1833] CORNING
1954 processing [IA1954] CRESCO-1-NE
1954 processing [IA2110] DECORAH-2-N
1954 processing [IA2171] DENISON
1954 processing [IA2364] DUBUQUE-LOCK-AND-DAM
1954 processing [IA2689] EMMETSBURG
1954 processing [IA2724] ESTHERVILLE-2-N
1954 processing [IA2789] FAIRFIELD
1954 processing [IA2864] FAYETTE
1954 processing [IA2977] FOREST-CITY
1954 processing [IA2999] FORT-DODGE
1954 processing [IA3007] FORT-MADISON
1954 processing [IA3290] GLENWOOD
1954 processing [IA3438] GREENFIELD
1954 processing [IA3473] GRINNELL-3-SW
1954 processing [IA3487] GRUNDY-CENTER
1954 processing [IA3509] GUTHRIE-CENTER
1954 processing [IA3517] GUTTENBERG-L-AND-D-10
1954 processing [IA3584] HAMPTON-2-NW
1954 processing [IA3632] HARLAN
1954 processing [IA3718] HAWARDEN
1954 processing [IA4038] IDA-GROVE
1954 processing [IA4063] INDIANOLA-2-SSW
1954 processing [IA4101] IOWA-CITY
1954 processing [IA4142] IOWA-FALLS
1954 processing [IA4228] JEFFERSON
1954 processing [IA4389] KEOSAUQUA
1954 processing [IA4502] KNOXVILLE
1954 processing [IA4735] LEMARS
1954 processing [IA4894] LOGAN
1954 processing [IA5086] MANCHESTER-2
1954 processing [IA5131] MAQUOKETA-2-W
1954 processing [IA5198] MARSHALLTOWN
1954 processing [IA5230] MASON-CITY
1954 processing [IA5493] MILFORD-4-NW
1954 processing [IA5769] MOUNT-AYR
1954 processing [IA5796] MOUNT-PLEASANT
1954 processing [IA5837] MUSCATINE
1954 processing [IA5952] NEW-HAMPTON
1954 processing [IA5992] NEWTON
1954 processing [IA6103] NORTHWOOD
1954 processing [IA6151] OAKLAND-2-E
1954 processing [IA6200] OELWEIN-2-S
1954 processing [IA6243] ONAWA
1954 processing [IA6305] OSAGE
1954 processing [IA6316] OSCEOLA-3-WSW
1954 processing [IA6327] OSKALOOSA
1954 processing [IA6566] PERRY
1954 processing [IA6719] POCAHONTAS
1954 processing [IA6800] PRIMGHAR
1954 processing [IA6940] RED-OAK
1954 processing [IA7147] ROCK-RAPIDS
1954 processing [IA7161] ROCKWELL-CITY
1954 processing [IA7312] SAC-CITY
1954 processing [IA7613] SHENANDOAH-1-NE
1954 processing [IA7664] SIBLEY-5-NNE
1954 processing [IA7669] SIDNEY
1954 processing [IA7678] SIGOURNEY
1954 processing [IA7708] SIOUX-CITY-WSO-AP
1954 processing [IA7726] SIOUX-RAPIDS
1954 processing [IA7979] STORM-LAKE-2-E
1954 processing [IA8266] TIPTON
1954 processing [IA8296] TOLEDO
1954 processing [IA8339] TRIPOLI-4-N
1954 processing [IA8568] VINTON
1954 processing [IA8688] WASHINGTON
1954 processing [IA8755] WAUKON
1954 processing [IA8806] WEBSTER-CITY
1954 processing [IA9067] WILLIAMSBURG
1954 processing [IA9132] WINTERSET
1955 processing [IA0112] ALBIA
1955 processing [IA0133] ALGONA
1955 processing [IA0157] ALLISON
1955 processing [IA0200] AMES-8-WSW
1955 processing [IA0213] ANAMOSA-1-WNW
1955 processing [IA0241] ANKENY-3-S
1955 processing [IA0364] ATLANTIC-1-NE
1955 processing [IA0385] AUDUBON
1955 processing [IA0576] BEDFORD-1-NNW
1955 processing [IA0600] BELLE-PLAINE
1955 processing [IA0608] BELLEVUE-L-AND-D-12
1955 processing [IA0753] BLOOMFIELD
1955 processing [IA0923] BRITT
1955 processing [IA1233] CARROLL-2-SSW
1955 processing [IA1257] CASCADE
1955 processing [IA1277] CASTANA-EXP-FARM
1955 processing [IA1319] CEDAR-RAPIDS-1
1955 processing [IA1354] CENTERVILLE
1955 processing [IA1394] CHARITON
1955 processing [IA1402] CHARLES-CITY
1955 processing [IA1442] CHEROKEE
1955 processing [IA1533] CLARINDA
1955 processing [IA1541] CLARION
1955 processing [IA1635] CLINTON-1
1955 processing [IA1731] COLUMBUS-JCT-2-SSW
1955 processing [IA1833] CORNING
1955 processing [IA1954] CRESCO-1-NE
1955 processing [IA2110] DECORAH-2-N
1955 processing [IA2171] DENISON
1955 processing [IA2364] DUBUQUE-LOCK-AND-DAM
1955 processing [IA2689] EMMETSBURG
1955 processing [IA2724] ESTHERVILLE-2-N
1955 processing [IA2789] FAIRFIELD
1955 processing [IA2864] FAYETTE
1955 processing [IA2977] FOREST-CITY
1955 processing [IA2999] FORT-DODGE
1955 processing [IA3007] FORT-MADISON
1955 processing [IA3290] GLENWOOD
1955 processing [IA3438] GREENFIELD
1955 processing [IA3473] GRINNELL-3-SW
1955 processing [IA3487] GRUNDY-CENTER
1955 processing [IA3509] GUTHRIE-CENTER
1955 processing [IA3517] GUTTENBERG-L-AND-D-10
1955 processing [IA3584] HAMPTON-2-NW
1955 processing [IA3632] HARLAN
1955 processing [IA3718] HAWARDEN
1955 processing [IA4038] IDA-GROVE
1955 processing [IA4063] INDIANOLA-2-SSW
1955 processing [IA4101] IOWA-CITY
1955 processing [IA4142] IOWA-FALLS
1955 processing [IA4228] JEFFERSON
1955 processing [IA4389] KEOSAUQUA
1955 processing [IA4502] KNOXVILLE
1955 processing [IA4735] LEMARS
1955 processing [IA4894] LOGAN
1955 processing [IA5086] MANCHESTER-2
1955 processing [IA5131] MAQUOKETA-2-W
1955 processing [IA5198] MARSHALLTOWN
1955 processing [IA5230] MASON-CITY
1955 processing [IA5493] MILFORD-4-NW
1955 processing [IA5769] MOUNT-AYR
1955 processing [IA5796] MOUNT-PLEASANT
1955 processing [IA5837] MUSCATINE
1955 processing [IA5952] NEW-HAMPTON
1955 processing [IA5992] NEWTON
1955 processing [IA6103] NORTHWOOD
1955 processing [IA6151] OAKLAND-2-E
1955 processing [IA6200] OELWEIN-2-S
1955 processing [IA6243] ONAWA
1955 processing [IA6305] OSAGE
1955 processing [IA6316] OSCEOLA-3-WSW
1955 processing [IA6327] OSKALOOSA
1955 processing [IA6566] PERRY
1955 processing [IA6719] POCAHONTAS
1955 processing [IA6800] PRIMGHAR
1955 processing [IA6940] RED-OAK
1955 processing [IA7147] ROCK-RAPIDS
1955 processing [IA7161] ROCKWELL-CITY
1955 processing [IA7312] SAC-CITY
1955 processing [IA7613] SHENANDOAH-1-NE
1955 processing [IA7664] SIBLEY-5-NNE
1955 processing [IA7669] SIDNEY
1955 processing [IA7678] SIGOURNEY
1955 processing [IA7708] SIOUX-CITY-WSO-AP
1955 processing [IA7726] SIOUX-RAPIDS
1955 processing [IA7979] STORM-LAKE-2-E
1955 processing [IA8266] TIPTON
1955 processing [IA8296] TOLEDO
1955 processing [IA8339] TRIPOLI-4-N
1955 processing [IA8568] VINTON
1955 processing [IA8688] WASHINGTON
1955 processing [IA8755] WAUKON
1955 processing [IA8806] WEBSTER-CITY
1955 processing [IA9067] WILLIAMSBURG
1955 processing [IA9132] WINTERSET
1956 processing [IA0112] ALBIA
1956 processing [IA0133] ALGONA
1956 processing [IA0157] ALLISON
1956 processing [IA0200] AMES-8-WSW
1956 processing [IA0213] ANAMOSA-1-WNW
1956 processing [IA0241] ANKENY-3-S
1956 processing [IA0364] ATLANTIC-1-NE
1956 processing [IA0385] AUDUBON
1956 processing [IA0576] BEDFORD-1-NNW
1956 processing [IA0600] BELLE-PLAINE
1956 processing [IA0608] BELLEVUE-L-AND-D-12
1956 processing [IA0753] BLOOMFIELD
1956 processing [IA0923] BRITT
1956 processing [IA1233] CARROLL-2-SSW
1956 processing [IA1257] CASCADE
1956 processing [IA1277] CASTANA-EXP-FARM
1956 processing [IA1319] CEDAR-RAPIDS-1
1956 processing [IA1354] CENTERVILLE
1956 processing [IA1394] CHARITON
1956 processing [IA1402] CHARLES-CITY
1956 processing [IA1442] CHEROKEE
1956 processing [IA1533] CLARINDA
1956 processing [IA1541] CLARION
1956 processing [IA1635] CLINTON-1
1956 processing [IA1731] COLUMBUS-JCT-2-SSW
1956 processing [IA1833] CORNING
1956 processing [IA1954] CRESCO-1-NE
1956 processing [IA2110] DECORAH-2-N
1956 processing [IA2171] DENISON
1956 processing [IA2364] DUBUQUE-LOCK-AND-DAM
1956 processing [IA2689] EMMETSBURG
1956 processing [IA2724] ESTHERVILLE-2-N
1956 processing [IA2789] FAIRFIELD
1956 processing [IA2864] FAYETTE
1956 processing [IA2977] FOREST-CITY
1956 processing [IA2999] FORT-DODGE
1956 processing [IA3007] FORT-MADISON
1956 processing [IA3290] GLENWOOD
1956 processing [IA3438] GREENFIELD
1956 processing [IA3473] GRINNELL-3-SW
1956 processing [IA3487] GRUNDY-CENTER
1956 processing [IA3509] GUTHRIE-CENTER
1956 processing [IA3517] GUTTENBERG-L-AND-D-10
1956 processing [IA3584] HAMPTON-2-NW
1956 processing [IA3632] HARLAN
1956 processing [IA3718] HAWARDEN
1956 processing [IA4038] IDA-GROVE
1956 processing [IA4063] INDIANOLA-2-SSW
1956 processing [IA4101] IOWA-CITY
1956 processing [IA4142] IOWA-FALLS
1956 processing [IA4228] JEFFERSON
1956 processing [IA4389] KEOSAUQUA
1956 processing [IA4502] KNOXVILLE
1956 processing [IA4735] LEMARS
1956 processing [IA4894] LOGAN
1956 processing [IA5086] MANCHESTER-2
1956 processing [IA5131] MAQUOKETA-2-W
1956 processing [IA5198] MARSHALLTOWN
1956 processing [IA5230] MASON-CITY
1956 processing [IA5493] MILFORD-4-NW
1956 processing [IA5769] MOUNT-AYR
1956 processing [IA5796] MOUNT-PLEASANT
1956 processing [IA5837] MUSCATINE
1956 processing [IA5952] NEW-HAMPTON
1956 processing [IA5992] NEWTON
1956 processing [IA6103] NORTHWOOD
1956 processing [IA6151] OAKLAND-2-E
1956 processing [IA6200] OELWEIN-2-S
1956 processing [IA6243] ONAWA
1956 processing [IA6305] OSAGE
1956 processing [IA6316] OSCEOLA-3-WSW
1956 processing [IA6327] OSKALOOSA
1956 processing [IA6566] PERRY
1956 processing [IA6719] POCAHONTAS
1956 processing [IA6800] PRIMGHAR
1956 processing [IA6940] RED-OAK
1956 processing [IA7147] ROCK-RAPIDS
1956 processing [IA7161] ROCKWELL-CITY
1956 processing [IA7312] SAC-CITY
1956 processing [IA7613] SHENANDOAH-1-NE
1956 processing [IA7664] SIBLEY-5-NNE
1956 processing [IA7669] SIDNEY
1956 processing [IA7678] SIGOURNEY
1956 processing [IA7708] SIOUX-CITY-WSO-AP
1956 processing [IA7726] SIOUX-RAPIDS
1956 processing [IA7979] STORM-LAKE-2-E
1956 processing [IA8266] TIPTON
1956 processing [IA8296] TOLEDO
1956 processing [IA8339] TRIPOLI-4-N
1956 processing [IA8568] VINTON
1956 processing [IA8688] WASHINGTON
1956 processing [IA8755] WAUKON
1956 processing [IA8806] WEBSTER-CITY
1956 processing [IA9067] WILLIAMSBURG
1956 processing [IA9132] WINTERSET
1957 processing [IA0112] ALBIA
1957 processing [IA0133] ALGONA
1957 processing [IA0157] ALLISON
1957 processing [IA0200] AMES-8-WSW
1957 processing [IA0213] ANAMOSA-1-WNW
1957 processing [IA0241] ANKENY-3-S
1957 processing [IA0364] ATLANTIC-1-NE
1957 processing [IA0385] AUDUBON
1957 processing [IA0576] BEDFORD-1-NNW
1957 processing [IA0600] BELLE-PLAINE
1957 processing [IA0608] BELLEVUE-L-AND-D-12
1957 processing [IA0753] BLOOMFIELD
1957 processing [IA0923] BRITT
1957 processing [IA1233] CARROLL-2-SSW
1957 processing [IA1257] CASCADE
1957 processing [IA1277] CASTANA-EXP-FARM
1957 processing [IA1319] CEDAR-RAPIDS-1
1957 processing [IA1354] CENTERVILLE
1957 processing [IA1394] CHARITON
1957 processing [IA1402] CHARLES-CITY
1957 processing [IA1442] CHEROKEE
1957 processing [IA1533] CLARINDA
1957 processing [IA1541] CLARION
1957 processing [IA1635] CLINTON-1
1957 processing [IA1731] COLUMBUS-JCT-2-SSW
1957 processing [IA1833] CORNING
1957 processing [IA1954] CRESCO-1-NE
1957 processing [IA2110] DECORAH-2-N
1957 processing [IA2171] DENISON
1957 processing [IA2364] DUBUQUE-LOCK-AND-DAM
1957 processing [IA2689] EMMETSBURG
1957 processing [IA2724] ESTHERVILLE-2-N
1957 processing [IA2789] FAIRFIELD
1957 processing [IA2864] FAYETTE
1957 processing [IA2977] FOREST-CITY
1957 processing [IA2999] FORT-DODGE
1957 processing [IA3007] FORT-MADISON
1957 processing [IA3290] GLENWOOD
1957 processing [IA3438] GREENFIELD
1957 processing [IA3473] GRINNELL-3-SW
1957 processing [IA3487] GRUNDY-CENTER
1957 processing [IA3509] GUTHRIE-CENTER
1957 processing [IA3517] GUTTENBERG-L-AND-D-10
1957 processing [IA3584] HAMPTON-2-NW
1957 processing [IA3632] HARLAN
1957 processing [IA3718] HAWARDEN
1957 processing [IA4038] IDA-GROVE
1957 processing [IA4063] INDIANOLA-2-SSW
1957 processing [IA4101] IOWA-CITY
1957 processing [IA4142] IOWA-FALLS
1957 processing [IA4228] JEFFERSON
1957 processing [IA4389] KEOSAUQUA
1957 processing [IA4502] KNOXVILLE
1957 processing [IA4735] LEMARS
1957 processing [IA4894] LOGAN
1957 processing [IA5086] MANCHESTER-2
1957 processing [IA5131] MAQUOKETA-2-W
1957 processing [IA5198] MARSHALLTOWN
1957 processing [IA5230] MASON-CITY
1957 processing [IA5493] MILFORD-4-NW
1957 processing [IA5769] MOUNT-AYR
1957 processing [IA5796] MOUNT-PLEASANT
1957 processing [IA5837] MUSCATINE
1957 processing [IA5952] NEW-HAMPTON
1957 processing [IA5992] NEWTON
1957 processing [IA6103] NORTHWOOD
1957 processing [IA6151] OAKLAND-2-E
1957 processing [IA6200] OELWEIN-2-S
1957 processing [IA6243] ONAWA
1957 processing [IA6305] OSAGE
1957 processing [IA6316] OSCEOLA-3-WSW
1957 processing [IA6327] OSKALOOSA
1957 processing [IA6566] PERRY
1957 processing [IA6719] POCAHONTAS
1957 processing [IA6800] PRIMGHAR
1957 processing [IA6940] RED-OAK
1957 processing [IA7147] ROCK-RAPIDS
1957 processing [IA7161] ROCKWELL-CITY
1957 processing [IA7312] SAC-CITY
1957 processing [IA7613] SHENANDOAH-1-NE
1957 processing [IA7664] SIBLEY-5-NNE
1957 processing [IA7669] SIDNEY
1957 processing [IA7678] SIGOURNEY
1957 processing [IA7708] SIOUX-CITY-WSO-AP
1957 processing [IA7726] SIOUX-RAPIDS
1957 processing [IA7979] STORM-LAKE-2-E
1957 processing [IA8266] TIPTON
1957 processing [IA8296] TOLEDO
1957 processing [IA8339] TRIPOLI-4-N
1957 processing [IA8568] VINTON
1957 processing [IA8688] WASHINGTON
1957 processing [IA8755] WAUKON
1957 processing [IA8806] WEBSTER-CITY
1957 processing [IA9067] WILLIAMSBURG
1957 processing [IA9132] WINTERSET
1958 processing [IA0112] ALBIA
1958 processing [IA0133] ALGONA
1958 processing [IA0157] ALLISON
1958 processing [IA0200] AMES-8-WSW
1958 processing [IA0213] ANAMOSA-1-WNW
1958 processing [IA0241] ANKENY-3-S
1958 processing [IA0364] ATLANTIC-1-NE
1958 processing [IA0385] AUDUBON
1958 processing [IA0576] BEDFORD-1-NNW
1958 processing [IA0600] BELLE-PLAINE
1958 processing [IA0608] BELLEVUE-L-AND-D-12
1958 processing [IA0753] BLOOMFIELD
1958 processing [IA0923] BRITT
1958 processing [IA1233] CARROLL-2-SSW
1958 processing [IA1257] CASCADE
1958 processing [IA1277] CASTANA-EXP-FARM
1958 processing [IA1319] CEDAR-RAPIDS-1
1958 processing [IA1354] CENTERVILLE
1958 processing [IA1394] CHARITON
1958 processing [IA1402] CHARLES-CITY
1958 processing [IA1442] CHEROKEE
1958 processing [IA1533] CLARINDA
1958 processing [IA1541] CLARION
1958 processing [IA1635] CLINTON-1
1958 processing [IA1731] COLUMBUS-JCT-2-SSW
1958 processing [IA1833] CORNING
1958 processing [IA1954] CRESCO-1-NE
1958 processing [IA2110] DECORAH-2-N
1958 processing [IA2171] DENISON
1958 processing [IA2364] DUBUQUE-LOCK-AND-DAM
1958 processing [IA2689] EMMETSBURG
1958 processing [IA2724] ESTHERVILLE-2-N
1958 processing [IA2789] FAIRFIELD
1958 processing [IA2864] FAYETTE
1958 processing [IA2977] FOREST-CITY
1958 processing [IA2999] FORT-DODGE
1958 processing [IA3007] FORT-MADISON
1958 processing [IA3290] GLENWOOD
1958 processing [IA3438] GREENFIELD
1958 processing [IA3473] GRINNELL-3-SW
1958 processing [IA3487] GRUNDY-CENTER
1958 processing [IA3509] GUTHRIE-CENTER
1958 processing [IA3517] GUTTENBERG-L-AND-D-10
1958 processing [IA3584] HAMPTON-2-NW
1958 processing [IA3632] HARLAN
1958 processing [IA3718] HAWARDEN
1958 processing [IA4038] IDA-GROVE
1958 processing [IA4063] INDIANOLA-2-SSW
1958 processing [IA4101] IOWA-CITY
1958 processing [IA4142] IOWA-FALLS
1958 processing [IA4228] JEFFERSON
1958 processing [IA4389] KEOSAUQUA
1958 processing [IA4502] KNOXVILLE
1958 processing [IA4735] LEMARS
1958 processing [IA4894] LOGAN
1958 processing [IA5086] MANCHESTER-2
1958 processing [IA5131] MAQUOKETA-2-W
1958 processing [IA5198] MARSHALLTOWN
1958 processing [IA5230] MASON-CITY
1958 processing [IA5493] MILFORD-4-NW
1958 processing [IA5769] MOUNT-AYR
1958 processing [IA5796] MOUNT-PLEASANT
1958 processing [IA5837] MUSCATINE
1958 processing [IA5952] NEW-HAMPTON
1958 processing [IA5992] NEWTON
1958 processing [IA6103] NORTHWOOD
1958 processing [IA6151] OAKLAND-2-E
1958 processing [IA6200] OELWEIN-2-S
1958 processing [IA6243] ONAWA
1958 processing [IA6305] OSAGE
1958 processing [IA6316] OSCEOLA-3-WSW
1958 processing [IA6327] OSKALOOSA
1958 processing [IA6566] PERRY
1958 processing [IA6719] POCAHONTAS
1958 processing [IA6800] PRIMGHAR
1958 processing [IA6940] RED-OAK
1958 processing [IA7147] ROCK-RAPIDS
1958 processing [IA7161] ROCKWELL-CITY
1958 processing [IA7312] SAC-CITY
1958 processing [IA7613] SHENANDOAH-1-NE
1958 processing [IA7664] SIBLEY-5-NNE
1958 processing [IA7669] SIDNEY
1958 processing [IA7678] SIGOURNEY
1958 processing [IA7708] SIOUX-CITY-WSO-AP
1958 processing [IA7726] SIOUX-RAPIDS
1958 processing [IA7979] STORM-LAKE-2-E
1958 processing [IA8266] TIPTON
1958 processing [IA8296] TOLEDO
1958 processing [IA8339] TRIPOLI-4-N
1958 processing [IA8568] VINTON
1958 processing [IA8688] WASHINGTON
1958 processing [IA8755] WAUKON
1958 processing [IA8806] WEBSTER-CITY
1958 processing [IA9067] WILLIAMSBURG
1958 processing [IA9132] WINTERSET
1959 processing [IA0112] ALBIA
1959 processing [IA0133] ALGONA
1959 processing [IA0157] ALLISON
1959 processing [IA0200] AMES-8-WSW
1959 processing [IA0213] ANAMOSA-1-WNW
1959 processing [IA0241] ANKENY-3-S
1959 processing [IA0364] ATLANTIC-1-NE
1959 processing [IA0385] AUDUBON
1959 processing [IA0576] BEDFORD-1-NNW
1959 processing [IA0600] BELLE-PLAINE
1959 processing [IA0608] BELLEVUE-L-AND-D-12
1959 processing [IA0753] BLOOMFIELD
1959 processing [IA0923] BRITT
1959 processing [IA1233] CARROLL-2-SSW
1959 processing [IA1257] CASCADE
1959 processing [IA1277] CASTANA-EXP-FARM
1959 processing [IA1319] CEDAR-RAPIDS-1
1959 processing [IA1354] CENTERVILLE
1959 processing [IA1394] CHARITON
1959 processing [IA1402] CHARLES-CITY
1959 processing [IA1442] CHEROKEE
1959 processing [IA1533] CLARINDA
1959 processing [IA1541] CLARION
1959 processing [IA1635] CLINTON-1
1959 processing [IA1731] COLUMBUS-JCT-2-SSW
1959 processing [IA1833] CORNING
1959 processing [IA1954] CRESCO-1-NE
1959 processing [IA2110] DECORAH-2-N
1959 processing [IA2171] DENISON
1959 processing [IA2364] DUBUQUE-LOCK-AND-DAM
1959 processing [IA2689] EMMETSBURG
1959 processing [IA2724] ESTHERVILLE-2-N
1959 processing [IA2789] FAIRFIELD
1959 processing [IA2864] FAYETTE
1959 processing [IA2977] FOREST-CITY
1959 processing [IA2999] FORT-DODGE
1959 processing [IA3007] FORT-MADISON
1959 processing [IA3290] GLENWOOD
1959 processing [IA3438] GREENFIELD
1959 processing [IA3473] GRINNELL-3-SW
1959 processing [IA3487] GRUNDY-CENTER
1959 processing [IA3509] GUTHRIE-CENTER
1959 processing [IA3517] GUTTENBERG-L-AND-D-10
1959 processing [IA3584] HAMPTON-2-NW
1959 processing [IA3632] HARLAN
1959 processing [IA3718] HAWARDEN
1959 processing [IA4038] IDA-GROVE
1959 processing [IA4063] INDIANOLA-2-SSW
1959 processing [IA4101] IOWA-CITY
1959 processing [IA4142] IOWA-FALLS
1959 processing [IA4228] JEFFERSON
1959 processing [IA4389] KEOSAUQUA
1959 processing [IA4502] KNOXVILLE
1959 processing [IA4735] LEMARS
1959 processing [IA4894] LOGAN
1959 processing [IA5086] MANCHESTER-2
1959 processing [IA5131] MAQUOKETA-2-W
1959 processing [IA5198] MARSHALLTOWN
1959 processing [IA5230] MASON-CITY
1959 processing [IA5493] MILFORD-4-NW
1959 processing [IA5769] MOUNT-AYR
1959 processing [IA5796] MOUNT-PLEASANT
1959 processing [IA5837] MUSCATINE
1959 processing [IA5952] NEW-HAMPTON
1959 processing [IA5992] NEWTON
1959 processing [IA6103] NORTHWOOD
1959 processing [IA6151] OAKLAND-2-E
1959 processing [IA6200] OELWEIN-2-S
1959 processing [IA6243] ONAWA
1959 processing [IA6305] OSAGE
1959 processing [IA6316] OSCEOLA-3-WSW
1959 processing [IA6327] OSKALOOSA
1959 processing [IA6566] PERRY
1959 processing [IA6719] POCAHONTAS
1959 processing [IA6800] PRIMGHAR
1959 processing [IA6940] RED-OAK
1959 processing [IA7147] ROCK-RAPIDS
1959 processing [IA7161] ROCKWELL-CITY
1959 processing [IA7312] SAC-CITY
1959 processing [IA7613] SHENANDOAH-1-NE
1959 processing [IA7664] SIBLEY-5-NNE
1959 processing [IA7669] SIDNEY
1959 processing [IA7678] SIGOURNEY
1959 processing [IA7708] SIOUX-CITY-WSO-AP
1959 processing [IA7726] SIOUX-RAPIDS
1959 processing [IA7979] STORM-LAKE-2-E
1959 processing [IA8266] TIPTON
1959 processing [IA8296] TOLEDO
1959 processing [IA8339] TRIPOLI-4-N
1959 processing [IA8568] VINTON
1959 processing [IA8688] WASHINGTON
1959 processing [IA8755] WAUKON
1959 processing [IA8806] WEBSTER-CITY
1959 processing [IA9067] WILLIAMSBURG
1959 processing [IA9132] WINTERSET
1960 processing [IA0112] ALBIA
1960 processing [IA0133] ALGONA
1960 processing [IA0157] ALLISON
1960 processing [IA0200] AMES-8-WSW
1960 processing [IA0213] ANAMOSA-1-WNW
1960 processing [IA0241] ANKENY-3-S
1960 processing [IA0364] ATLANTIC-1-NE
1960 processing [IA0385] AUDUBON
1960 processing [IA0576] BEDFORD-1-NNW
1960 processing [IA0600] BELLE-PLAINE
1960 processing [IA0608] BELLEVUE-L-AND-D-12
1960 processing [IA0753] BLOOMFIELD
1960 processing [IA0923] BRITT
1960 processing [IA1233] CARROLL-2-SSW
1960 processing [IA1257] CASCADE
1960 processing [IA1277] CASTANA-EXP-FARM
1960 processing [IA1319] CEDAR-RAPIDS-1
1960 processing [IA1354] CENTERVILLE
1960 processing [IA1394] CHARITON
1960 processing [IA1402] CHARLES-CITY
1960 processing [IA1442] CHEROKEE
1960 processing [IA1533] CLARINDA
1960 processing [IA1541] CLARION
1960 processing [IA1635] CLINTON-1
1960 processing [IA1731] COLUMBUS-JCT-2-SSW
1960 processing [IA1833] CORNING
1960 processing [IA1954] CRESCO-1-NE
1960 processing [IA2110] DECORAH-2-N
1960 processing [IA2171] DENISON
1960 processing [IA2364] DUBUQUE-LOCK-AND-DAM
1960 processing [IA2689] EMMETSBURG
1960 processing [IA2724] ESTHERVILLE-2-N
1960 processing [IA2789] FAIRFIELD
1960 processing [IA2864] FAYETTE
1960 processing [IA2977] FOREST-CITY
1960 processing [IA2999] FORT-DODGE
1960 processing [IA3007] FORT-MADISON
1960 processing [IA3290] GLENWOOD
1960 processing [IA3438] GREENFIELD
1960 processing [IA3473] GRINNELL-3-SW
1960 processing [IA3487] GRUNDY-CENTER
1960 processing [IA3509] GUTHRIE-CENTER
1960 processing [IA3517] GUTTENBERG-L-AND-D-10
1960 processing [IA3584] HAMPTON-2-NW
1960 processing [IA3632] HARLAN
1960 processing [IA3718] HAWARDEN
1960 processing [IA4038] IDA-GROVE
1960 processing [IA4063] INDIANOLA-2-SSW
1960 processing [IA4101] IOWA-CITY
1960 processing [IA4142] IOWA-FALLS
1960 processing [IA4228] JEFFERSON
1960 processing [IA4389] KEOSAUQUA
1960 processing [IA4502] KNOXVILLE
1960 processing [IA4735] LEMARS
1960 processing [IA4894] LOGAN
1960 processing [IA5086] MANCHESTER-2
1960 processing [IA5131] MAQUOKETA-2-W
1960 processing [IA5198] MARSHALLTOWN
1960 processing [IA5230] MASON-CITY
1960 processing [IA5493] MILFORD-4-NW
1960 processing [IA5769] MOUNT-AYR
1960 processing [IA5796] MOUNT-PLEASANT
1960 processing [IA5837] MUSCATINE
1960 processing [IA5952] NEW-HAMPTON
1960 processing [IA5992] NEWTON
1960 processing [IA6103] NORTHWOOD
1960 processing [IA6151] OAKLAND-2-E
1960 processing [IA6200] OELWEIN-2-S
1960 processing [IA6243] ONAWA
1960 processing [IA6305] OSAGE
1960 processing [IA6316] OSCEOLA-3-WSW
1960 processing [IA6327] OSKALOOSA
1960 processing [IA6566] PERRY
1960 processing [IA6719] POCAHONTAS
1960 processing [IA6800] PRIMGHAR
1960 processing [IA6940] RED-OAK
1960 processing [IA7147] ROCK-RAPIDS
1960 processing [IA7161] ROCKWELL-CITY
1960 processing [IA7312] SAC-CITY
1960 processing [IA7613] SHENANDOAH-1-NE
1960 processing [IA7664] SIBLEY-5-NNE
1960 processing [IA7669] SIDNEY
1960 processing [IA7678] SIGOURNEY
1960 processing [IA7708] SIOUX-CITY-WSO-AP
1960 processing [IA7726] SIOUX-RAPIDS
1960 processing [IA7979] STORM-LAKE-2-E
1960 processing [IA8266] TIPTON
1960 processing [IA8296] TOLEDO
1960 processing [IA8339] TRIPOLI-4-N
1960 processing [IA8568] VINTON
1960 processing [IA8688] WASHINGTON
1960 processing [IA8755] WAUKON
1960 processing [IA8806] WEBSTER-CITY
1960 processing [IA9067] WILLIAMSBURG
1960 processing [IA9132] WINTERSET
1961 processing [IA0112] ALBIA
1961 processing [IA0133] ALGONA
1961 processing [IA0157] ALLISON
1961 processing [IA0200] AMES-8-WSW
1961 processing [IA0213] ANAMOSA-1-WNW
1961 processing [IA0241] ANKENY-3-S
1961 processing [IA0364] ATLANTIC-1-NE
1961 processing [IA0385] AUDUBON
1961 processing [IA0576] BEDFORD-1-NNW
1961 processing [IA0600] BELLE-PLAINE
1961 processing [IA0608] BELLEVUE-L-AND-D-12
1961 processing [IA0753] BLOOMFIELD
1961 processing [IA0923] BRITT
1961 processing [IA1233] CARROLL-2-SSW
1961 processing [IA1257] CASCADE
1961 processing [IA1277] CASTANA-EXP-FARM
1961 processing [IA1319] CEDAR-RAPIDS-1
1961 processing [IA1354] CENTERVILLE
1961 processing [IA1394] CHARITON
1961 processing [IA1402] CHARLES-CITY
1961 processing [IA1442] CHEROKEE
1961 processing [IA1533] CLARINDA
1961 processing [IA1541] CLARION
1961 processing [IA1635] CLINTON-1
1961 processing [IA1731] COLUMBUS-JCT-2-SSW
1961 processing [IA1833] CORNING
1961 processing [IA1954] CRESCO-1-NE
1961 processing [IA2110] DECORAH-2-N
1961 processing [IA2171] DENISON
1961 processing [IA2364] DUBUQUE-LOCK-AND-DAM
1961 processing [IA2689] EMMETSBURG
1961 processing [IA2724] ESTHERVILLE-2-N
1961 processing [IA2789] FAIRFIELD
1961 processing [IA2864] FAYETTE
1961 processing [IA2977] FOREST-CITY
1961 processing [IA2999] FORT-DODGE
1961 processing [IA3007] FORT-MADISON
1961 processing [IA3290] GLENWOOD
1961 processing [IA3438] GREENFIELD
1961 processing [IA3473] GRINNELL-3-SW
1961 processing [IA3487] GRUNDY-CENTER
1961 processing [IA3509] GUTHRIE-CENTER
1961 processing [IA3517] GUTTENBERG-L-AND-D-10
1961 processing [IA3584] HAMPTON-2-NW
1961 processing [IA3632] HARLAN
1961 processing [IA3718] HAWARDEN
1961 processing [IA4038] IDA-GROVE
1961 processing [IA4063] INDIANOLA-2-SSW
1961 processing [IA4101] IOWA-CITY
1961 processing [IA4142] IOWA-FALLS
1961 processing [IA4228] JEFFERSON
1961 processing [IA4389] KEOSAUQUA
1961 processing [IA4502] KNOXVILLE
1961 processing [IA4735] LEMARS
1961 processing [IA4894] LOGAN
1961 processing [IA5086] MANCHESTER-2
1961 processing [IA5131] MAQUOKETA-2-W
1961 processing [IA5198] MARSHALLTOWN
1961 processing [IA5230] MASON-CITY
1961 processing [IA5493] MILFORD-4-NW
1961 processing [IA5769] MOUNT-AYR
1961 processing [IA5796] MOUNT-PLEASANT
1961 processing [IA5837] MUSCATINE
1961 processing [IA5952] NEW-HAMPTON
1961 processing [IA5992] NEWTON
1961 processing [IA6103] NORTHWOOD
1961 processing [IA6151] OAKLAND-2-E
1961 processing [IA6200] OELWEIN-2-S
1961 processing [IA6243] ONAWA
1961 processing [IA6305] OSAGE
1961 processing [IA6316] OSCEOLA-3-WSW
1961 processing [IA6327] OSKALOOSA
1961 processing [IA6566] PERRY
1961 processing [IA6719] POCAHONTAS
1961 processing [IA6800] PRIMGHAR
1961 processing [IA6940] RED-OAK
1961 processing [IA7147] ROCK-RAPIDS
1961 processing [IA7161] ROCKWELL-CITY
1961 processing [IA7312] SAC-CITY
1961 processing [IA7613] SHENANDOAH-1-NE
1961 processing [IA7664] SIBLEY-5-NNE
1961 processing [IA7669] SIDNEY
1961 processing [IA7678] SIGOURNEY
1961 processing [IA7708] SIOUX-CITY-WSO-AP
1961 processing [IA7726] SIOUX-RAPIDS
1961 processing [IA7979] STORM-LAKE-2-E
1961 processing [IA8266] TIPTON
1961 processing [IA8296] TOLEDO
1961 processing [IA8339] TRIPOLI-4-N
1961 processing [IA8568] VINTON
1961 processing [IA8688] WASHINGTON
1961 processing [IA8755] WAUKON
1961 processing [IA8806] WEBSTER-CITY
1961 processing [IA9067] WILLIAMSBURG
1961 processing [IA9132] WINTERSET
1962 processing [IA0112] ALBIA
1962 processing [IA0133] ALGONA
1962 processing [IA0157] ALLISON
1962 processing [IA0200] AMES-8-WSW
1962 processing [IA0213] ANAMOSA-1-WNW
1962 processing [IA0241] ANKENY-3-S
1962 processing [IA0364] ATLANTIC-1-NE
1962 processing [IA0385] AUDUBON
1962 processing [IA0576] BEDFORD-1-NNW
1962 processing [IA0600] BELLE-PLAINE
1962 processing [IA0608] BELLEVUE-L-AND-D-12
1962 processing [IA0753] BLOOMFIELD
1962 processing [IA0923] BRITT
1962 processing [IA1233] CARROLL-2-SSW
1962 processing [IA1257] CASCADE
1962 processing [IA1277] CASTANA-EXP-FARM
1962 processing [IA1319] CEDAR-RAPIDS-1
1962 processing [IA1354] CENTERVILLE
1962 processing [IA1394] CHARITON
1962 processing [IA1402] CHARLES-CITY
1962 processing [IA1442] CHEROKEE
1962 processing [IA1533] CLARINDA
1962 processing [IA1541] CLARION
1962 processing [IA1635] CLINTON-1
1962 processing [IA1731] COLUMBUS-JCT-2-SSW
1962 processing [IA1833] CORNING
1962 processing [IA1954] CRESCO-1-NE
1962 processing [IA2110] DECORAH-2-N
1962 processing [IA2171] DENISON
1962 processing [IA2364] DUBUQUE-LOCK-AND-DAM
1962 processing [IA2689] EMMETSBURG
1962 processing [IA2724] ESTHERVILLE-2-N
1962 processing [IA2789] FAIRFIELD
1962 processing [IA2864] FAYETTE
1962 processing [IA2977] FOREST-CITY
1962 processing [IA2999] FORT-DODGE
1962 processing [IA3007] FORT-MADISON
1962 processing [IA3290] GLENWOOD
1962 processing [IA3438] GREENFIELD
1962 processing [IA3473] GRINNELL-3-SW
1962 processing [IA3487] GRUNDY-CENTER
1962 processing [IA3509] GUTHRIE-CENTER
1962 processing [IA3517] GUTTENBERG-L-AND-D-10
1962 processing [IA3584] HAMPTON-2-NW
1962 processing [IA3632] HARLAN
1962 processing [IA3718] HAWARDEN
1962 processing [IA4038] IDA-GROVE
1962 processing [IA4063] INDIANOLA-2-SSW
1962 processing [IA4101] IOWA-CITY
1962 processing [IA4142] IOWA-FALLS
1962 processing [IA4228] JEFFERSON
1962 processing [IA4389] KEOSAUQUA
1962 processing [IA4502] KNOXVILLE
1962 processing [IA4735] LEMARS
1962 processing [IA4894] LOGAN
1962 processing [IA5086] MANCHESTER-2
1962 processing [IA5131] MAQUOKETA-2-W
1962 processing [IA5198] MARSHALLTOWN
1962 processing [IA5230] MASON-CITY
1962 processing [IA5493] MILFORD-4-NW
1962 processing [IA5769] MOUNT-AYR
1962 processing [IA5796] MOUNT-PLEASANT
1962 processing [IA5837] MUSCATINE
1962 processing [IA5952] NEW-HAMPTON
1962 processing [IA5992] NEWTON
1962 processing [IA6103] NORTHWOOD
1962 processing [IA6151] OAKLAND-2-E
1962 processing [IA6200] OELWEIN-2-S
1962 processing [IA6243] ONAWA
1962 processing [IA6305] OSAGE
1962 processing [IA6316] OSCEOLA-3-WSW
1962 processing [IA6327] OSKALOOSA
1962 processing [IA6566] PERRY
1962 processing [IA6719] POCAHONTAS
1962 processing [IA6800] PRIMGHAR
1962 processing [IA6940] RED-OAK
1962 processing [IA7147] ROCK-RAPIDS
1962 processing [IA7161] ROCKWELL-CITY
1962 processing [IA7312] SAC-CITY
1962 processing [IA7613] SHENANDOAH-1-NE
1962 processing [IA7664] SIBLEY-5-NNE
1962 processing [IA7669] SIDNEY
1962 processing [IA7678] SIGOURNEY
1962 processing [IA7708] SIOUX-CITY-WSO-AP
1962 processing [IA7726] SIOUX-RAPIDS
1962 processing [IA7979] STORM-LAKE-2-E
1962 processing [IA8266] TIPTON
1962 processing [IA8296] TOLEDO
1962 processing [IA8339] TRIPOLI-4-N
1962 processing [IA8568] VINTON
1962 processing [IA8688] WASHINGTON
1962 processing [IA8755] WAUKON
1962 processing [IA8806] WEBSTER-CITY
1962 processing [IA9067] WILLIAMSBURG
1962 processing [IA9132] WINTERSET
1963 processing [IA0112] ALBIA
1963 processing [IA0133] ALGONA
1963 processing [IA0157] ALLISON
1963 processing [IA0200] AMES-8-WSW
1963 processing [IA0213] ANAMOSA-1-WNW
1963 processing [IA0241] ANKENY-3-S
1963 processing [IA0364] ATLANTIC-1-NE
1963 processing [IA0385] AUDUBON
1963 processing [IA0576] BEDFORD-1-NNW
1963 processing [IA0600] BELLE-PLAINE
1963 processing [IA0608] BELLEVUE-L-AND-D-12
1963 processing [IA0753] BLOOMFIELD
1963 processing [IA0923] BRITT
1963 processing [IA1233] CARROLL-2-SSW
1963 processing [IA1257] CASCADE
1963 processing [IA1277] CASTANA-EXP-FARM
1963 processing [IA1319] CEDAR-RAPIDS-1
1963 processing [IA1354] CENTERVILLE
1963 processing [IA1394] CHARITON
1963 processing [IA1402] CHARLES-CITY
1963 processing [IA1442] CHEROKEE
1963 processing [IA1533] CLARINDA
1963 processing [IA1541] CLARION
1963 processing [IA1635] CLINTON-1
1963 processing [IA1731] COLUMBUS-JCT-2-SSW
1963 processing [IA1833] CORNING
1963 processing [IA1954] CRESCO-1-NE
1963 processing [IA2110] DECORAH-2-N
1963 processing [IA2171] DENISON
1963 processing [IA2364] DUBUQUE-LOCK-AND-DAM
1963 processing [IA2689] EMMETSBURG
1963 processing [IA2724] ESTHERVILLE-2-N
1963 processing [IA2789] FAIRFIELD
1963 processing [IA2864] FAYETTE
1963 processing [IA2977] FOREST-CITY
1963 processing [IA2999] FORT-DODGE
1963 processing [IA3007] FORT-MADISON
1963 processing [IA3290] GLENWOOD
1963 processing [IA3438] GREENFIELD
1963 processing [IA3473] GRINNELL-3-SW
1963 processing [IA3487] GRUNDY-CENTER
1963 processing [IA3509] GUTHRIE-CENTER
1963 processing [IA3517] GUTTENBERG-L-AND-D-10
1963 processing [IA3584] HAMPTON-2-NW
1963 processing [IA3632] HARLAN
1963 processing [IA3718] HAWARDEN
1963 processing [IA4038] IDA-GROVE
1963 processing [IA4063] INDIANOLA-2-SSW
1963 processing [IA4101] IOWA-CITY
1963 processing [IA4142] IOWA-FALLS
1963 processing [IA4228] JEFFERSON
1963 processing [IA4389] KEOSAUQUA
1963 processing [IA4502] KNOXVILLE
1963 processing [IA4735] LEMARS
1963 processing [IA4894] LOGAN
1963 processing [IA5086] MANCHESTER-2
1963 processing [IA5131] MAQUOKETA-2-W
1963 processing [IA5198] MARSHALLTOWN
1963 processing [IA5230] MASON-CITY
1963 processing [IA5493] MILFORD-4-NW
1963 processing [IA5769] MOUNT-AYR
1963 processing [IA5796] MOUNT-PLEASANT
1963 processing [IA5837] MUSCATINE
1963 processing [IA5952] NEW-HAMPTON
1963 processing [IA5992] NEWTON
1963 processing [IA6103] NORTHWOOD
1963 processing [IA6151] OAKLAND-2-E
1963 processing [IA6200] OELWEIN-2-S
1963 processing [IA6243] ONAWA
1963 processing [IA6305] OSAGE
1963 processing [IA6316] OSCEOLA-3-WSW
1963 processing [IA6327] OSKALOOSA
1963 processing [IA6566] PERRY
1963 processing [IA6719] POCAHONTAS
1963 processing [IA6800] PRIMGHAR
1963 processing [IA6940] RED-OAK
1963 processing [IA7147] ROCK-RAPIDS
1963 processing [IA7161] ROCKWELL-CITY
1963 processing [IA7312] SAC-CITY
1963 processing [IA7613] SHENANDOAH-1-NE
1963 processing [IA7664] SIBLEY-5-NNE
1963 processing [IA7669] SIDNEY
1963 processing [IA7678] SIGOURNEY
1963 processing [IA7708] SIOUX-CITY-WSO-AP
1963 processing [IA7726] SIOUX-RAPIDS
1963 processing [IA7979] STORM-LAKE-2-E
1963 processing [IA8266] TIPTON
1963 processing [IA8296] TOLEDO
1963 processing [IA8339] TRIPOLI-4-N
1963 processing [IA8568] VINTON
1963 processing [IA8688] WASHINGTON
1963 processing [IA8755] WAUKON
1963 processing [IA8806] WEBSTER-CITY
1963 processing [IA9067] WILLIAMSBURG
1963 processing [IA9132] WINTERSET
1964 processing [IA0112] ALBIA
1964 processing [IA0133] ALGONA
1964 processing [IA0157] ALLISON
1964 processing [IA0200] AMES-8-WSW
1964 processing [IA0213] ANAMOSA-1-WNW
1964 processing [IA0241] ANKENY-3-S
1964 processing [IA0364] ATLANTIC-1-NE
1964 processing [IA0385] AUDUBON
1964 processing [IA0576] BEDFORD-1-NNW
1964 processing [IA0600] BELLE-PLAINE
1964 processing [IA0608] BELLEVUE-L-AND-D-12
1964 processing [IA0753] BLOOMFIELD
1964 processing [IA0923] BRITT
1964 processing [IA1233] CARROLL-2-SSW
1964 processing [IA1257] CASCADE
1964 processing [IA1277] CASTANA-EXP-FARM
1964 processing [IA1319] CEDAR-RAPIDS-1
1964 processing [IA1354] CENTERVILLE
1964 processing [IA1394] CHARITON
1964 processing [IA1402] CHARLES-CITY
1964 processing [IA1442] CHEROKEE
1964 processing [IA1533] CLARINDA
1964 processing [IA1541] CLARION
1964 processing [IA1635] CLINTON-1
1964 processing [IA1731] COLUMBUS-JCT-2-SSW
1964 processing [IA1833] CORNING
1964 processing [IA1954] CRESCO-1-NE
1964 processing [IA2110] DECORAH-2-N
1964 processing [IA2171] DENISON
1964 processing [IA2364] DUBUQUE-LOCK-AND-DAM
1964 processing [IA2689] EMMETSBURG
1964 processing [IA2724] ESTHERVILLE-2-N
1964 processing [IA2789] FAIRFIELD
1964 processing [IA2864] FAYETTE
1964 processing [IA2977] FOREST-CITY
1964 processing [IA2999] FORT-DODGE
1964 processing [IA3007] FORT-MADISON
1964 processing [IA3290] GLENWOOD
1964 processing [IA3438] GREENFIELD
1964 processing [IA3473] GRINNELL-3-SW
1964 processing [IA3487] GRUNDY-CENTER
1964 processing [IA3509] GUTHRIE-CENTER
1964 processing [IA3517] GUTTENBERG-L-AND-D-10
1964 processing [IA3584] HAMPTON-2-NW
1964 processing [IA3632] HARLAN
1964 processing [IA3718] HAWARDEN
1964 processing [IA4038] IDA-GROVE
1964 processing [IA4063] INDIANOLA-2-SSW
1964 processing [IA4101] IOWA-CITY
1964 processing [IA4142] IOWA-FALLS
1964 processing [IA4228] JEFFERSON
1964 processing [IA4389] KEOSAUQUA
1964 processing [IA4502] KNOXVILLE
1964 processing [IA4735] LEMARS
1964 processing [IA4894] LOGAN
1964 processing [IA5086] MANCHESTER-2
1964 processing [IA5131] MAQUOKETA-2-W
1964 processing [IA5198] MARSHALLTOWN
1964 processing [IA5230] MASON-CITY
1964 processing [IA5493] MILFORD-4-NW
1964 processing [IA5769] MOUNT-AYR
1964 processing [IA5796] MOUNT-PLEASANT
1964 processing [IA5837] MUSCATINE
1964 processing [IA5952] NEW-HAMPTON
1964 processing [IA5992] NEWTON
1964 processing [IA6103] NORTHWOOD
1964 processing [IA6151] OAKLAND-2-E
1964 processing [IA6200] OELWEIN-2-S
1964 processing [IA6243] ONAWA
1964 processing [IA6305] OSAGE
1964 processing [IA6316] OSCEOLA-3-WSW
1964 processing [IA6327] OSKALOOSA
1964 processing [IA6566] PERRY
1964 processing [IA6719] POCAHONTAS
1964 processing [IA6800] PRIMGHAR
1964 processing [IA6940] RED-OAK
1964 processing [IA7147] ROCK-RAPIDS
1964 processing [IA7161] ROCKWELL-CITY
1964 processing [IA7312] SAC-CITY
1964 processing [IA7613] SHENANDOAH-1-NE
1964 processing [IA7664] SIBLEY-5-NNE
1964 processing [IA7669] SIDNEY
1964 processing [IA7678] SIGOURNEY
1964 processing [IA7708] SIOUX-CITY-WSO-AP
1964 processing [IA7726] SIOUX-RAPIDS
1964 processing [IA7979] STORM-LAKE-2-E
1964 processing [IA8266] TIPTON
1964 processing [IA8296] TOLEDO
1964 processing [IA8339] TRIPOLI-4-N
1964 processing [IA8568] VINTON
1964 processing [IA8688] WASHINGTON
1964 processing [IA8755] WAUKON
1964 processing [IA8806] WEBSTER-CITY
1964 processing [IA9067] WILLIAMSBURG
1964 processing [IA9132] WINTERSET
1965 processing [IA0112] ALBIA
1965 processing [IA0133] ALGONA
1965 processing [IA0157] ALLISON
1965 processing [IA0200] AMES-8-WSW
1965 processing [IA0213] ANAMOSA-1-WNW
1965 processing [IA0241] ANKENY-3-S
1965 processing [IA0364] ATLANTIC-1-NE
1965 processing [IA0385] AUDUBON
1965 processing [IA0576] BEDFORD-1-NNW
1965 processing [IA0600] BELLE-PLAINE
1965 processing [IA0608] BELLEVUE-L-AND-D-12
1965 processing [IA0753] BLOOMFIELD
1965 processing [IA0923] BRITT
1965 processing [IA1233] CARROLL-2-SSW
1965 processing [IA1257] CASCADE
1965 processing [IA1277] CASTANA-EXP-FARM
1965 processing [IA1319] CEDAR-RAPIDS-1
1965 processing [IA1354] CENTERVILLE
1965 processing [IA1394] CHARITON
1965 processing [IA1402] CHARLES-CITY
1965 processing [IA1442] CHEROKEE
1965 processing [IA1533] CLARINDA
1965 processing [IA1541] CLARION
1965 processing [IA1635] CLINTON-1
1965 processing [IA1731] COLUMBUS-JCT-2-SSW
1965 processing [IA1833] CORNING
1965 processing [IA1954] CRESCO-1-NE
1965 processing [IA2110] DECORAH-2-N
1965 processing [IA2171] DENISON
1965 processing [IA2364] DUBUQUE-LOCK-AND-DAM
1965 processing [IA2689] EMMETSBURG
1965 processing [IA2724] ESTHERVILLE-2-N
1965 processing [IA2789] FAIRFIELD
1965 processing [IA2864] FAYETTE
1965 processing [IA2977] FOREST-CITY
1965 processing [IA2999] FORT-DODGE
1965 processing [IA3007] FORT-MADISON
1965 processing [IA3290] GLENWOOD
1965 processing [IA3438] GREENFIELD
1965 processing [IA3473] GRINNELL-3-SW
1965 processing [IA3487] GRUNDY-CENTER
1965 processing [IA3509] GUTHRIE-CENTER
1965 processing [IA3517] GUTTENBERG-L-AND-D-10
1965 processing [IA3584] HAMPTON-2-NW
1965 processing [IA3632] HARLAN
1965 processing [IA3718] HAWARDEN
1965 processing [IA4038] IDA-GROVE
1965 processing [IA4063] INDIANOLA-2-SSW
1965 processing [IA4101] IOWA-CITY
1965 processing [IA4142] IOWA-FALLS
1965 processing [IA4228] JEFFERSON
1965 processing [IA4389] KEOSAUQUA
1965 processing [IA4502] KNOXVILLE
1965 processing [IA4735] LEMARS
1965 processing [IA4894] LOGAN
1965 processing [IA5086] MANCHESTER-2
1965 processing [IA5131] MAQUOKETA-2-W
1965 processing [IA5198] MARSHALLTOWN
1965 processing [IA5230] MASON-CITY
1965 processing [IA5493] MILFORD-4-NW
1965 processing [IA5769] MOUNT-AYR
1965 processing [IA5796] MOUNT-PLEASANT
1965 processing [IA5837] MUSCATINE
1965 processing [IA5952] NEW-HAMPTON
1965 processing [IA5992] NEWTON
1965 processing [IA6103] NORTHWOOD
1965 processing [IA6151] OAKLAND-2-E
1965 processing [IA6200] OELWEIN-2-S
1965 processing [IA6243] ONAWA
1965 processing [IA6305] OSAGE
1965 processing [IA6316] OSCEOLA-3-WSW
1965 processing [IA6327] OSKALOOSA
1965 processing [IA6566] PERRY
1965 processing [IA6719] POCAHONTAS
1965 processing [IA6800] PRIMGHAR
1965 processing [IA6940] RED-OAK
1965 processing [IA7147] ROCK-RAPIDS
1965 processing [IA7161] ROCKWELL-CITY
1965 processing [IA7312] SAC-CITY
1965 processing [IA7613] SHENANDOAH-1-NE
1965 processing [IA7664] SIBLEY-5-NNE
1965 processing [IA7669] SIDNEY
1965 processing [IA7678] SIGOURNEY
1965 processing [IA7708] SIOUX-CITY-WSO-AP
1965 processing [IA7726] SIOUX-RAPIDS
1965 processing [IA7979] STORM-LAKE-2-E
1965 processing [IA8266] TIPTON
1965 processing [IA8296] TOLEDO
1965 processing [IA8339] TRIPOLI-4-N
1965 processing [IA8568] VINTON
1965 processing [IA8688] WASHINGTON
1965 processing [IA8755] WAUKON
1965 processing [IA8806] WEBSTER-CITY
1965 processing [IA9067] WILLIAMSBURG
1965 processing [IA9132] WINTERSET
1966 processing [IA0112] ALBIA
1966 processing [IA0133] ALGONA
1966 processing [IA0157] ALLISON
1966 processing [IA0200] AMES-8-WSW
1966 processing [IA0213] ANAMOSA-1-WNW
1966 processing [IA0241] ANKENY-3-S
1966 processing [IA0364] ATLANTIC-1-NE
1966 processing [IA0385] AUDUBON
1966 processing [IA0576] BEDFORD-1-NNW
1966 processing [IA0600] BELLE-PLAINE
1966 processing [IA0608] BELLEVUE-L-AND-D-12
1966 processing [IA0753] BLOOMFIELD
1966 processing [IA0923] BRITT
1966 processing [IA1233] CARROLL-2-SSW
1966 processing [IA1257] CASCADE
1966 processing [IA1277] CASTANA-EXP-FARM
1966 processing [IA1319] CEDAR-RAPIDS-1
1966 processing [IA1354] CENTERVILLE
1966 processing [IA1394] CHARITON
1966 processing [IA1402] CHARLES-CITY
1966 processing [IA1442] CHEROKEE
1966 processing [IA1533] CLARINDA
1966 processing [IA1541] CLARION
1966 processing [IA1635] CLINTON-1
1966 processing [IA1731] COLUMBUS-JCT-2-SSW
1966 processing [IA1833] CORNING
1966 processing [IA1954] CRESCO-1-NE
1966 processing [IA2110] DECORAH-2-N
1966 processing [IA2171] DENISON
1966 processing [IA2364] DUBUQUE-LOCK-AND-DAM
1966 processing [IA2689] EMMETSBURG
1966 processing [IA2724] ESTHERVILLE-2-N
1966 processing [IA2789] FAIRFIELD
1966 processing [IA2864] FAYETTE
1966 processing [IA2977] FOREST-CITY
1966 processing [IA2999] FORT-DODGE
1966 processing [IA3007] FORT-MADISON
1966 processing [IA3290] GLENWOOD
1966 processing [IA3438] GREENFIELD
1966 processing [IA3473] GRINNELL-3-SW
1966 processing [IA3487] GRUNDY-CENTER
1966 processing [IA3509] GUTHRIE-CENTER
1966 processing [IA3517] GUTTENBERG-L-AND-D-10
1966 processing [IA3584] HAMPTON-2-NW
1966 processing [IA3632] HARLAN
1966 processing [IA3718] HAWARDEN
1966 processing [IA4038] IDA-GROVE
1966 processing [IA4063] INDIANOLA-2-SSW
1966 processing [IA4101] IOWA-CITY
1966 processing [IA4142] IOWA-FALLS
1966 processing [IA4228] JEFFERSON
1966 processing [IA4389] KEOSAUQUA
1966 processing [IA4502] KNOXVILLE
1966 processing [IA4735] LEMARS
1966 processing [IA4894] LOGAN
1966 processing [IA5086] MANCHESTER-2
1966 processing [IA5131] MAQUOKETA-2-W
1966 processing [IA5198] MARSHALLTOWN
1966 processing [IA5230] MASON-CITY
1966 processing [IA5493] MILFORD-4-NW
1966 processing [IA5769] MOUNT-AYR
1966 processing [IA5796] MOUNT-PLEASANT
1966 processing [IA5837] MUSCATINE
1966 processing [IA5952] NEW-HAMPTON
1966 processing [IA5992] NEWTON
1966 processing [IA6103] NORTHWOOD
1966 processing [IA6151] OAKLAND-2-E
1966 processing [IA6200] OELWEIN-2-S
1966 processing [IA6243] ONAWA
1966 processing [IA6305] OSAGE
1966 processing [IA6316] OSCEOLA-3-WSW
1966 processing [IA6327] OSKALOOSA
1966 processing [IA6566] PERRY
1966 processing [IA6719] POCAHONTAS
1966 processing [IA6800] PRIMGHAR
1966 processing [IA6940] RED-OAK
1966 processing [IA7147] ROCK-RAPIDS
1966 processing [IA7161] ROCKWELL-CITY
1966 processing [IA7312] SAC-CITY
1966 processing [IA7613] SHENANDOAH-1-NE
1966 processing [IA7664] SIBLEY-5-NNE
1966 processing [IA7669] SIDNEY
1966 processing [IA7678] SIGOURNEY
1966 processing [IA7708] SIOUX-CITY-WSO-AP
1966 processing [IA7726] SIOUX-RAPIDS
1966 processing [IA7979] STORM-LAKE-2-E
1966 processing [IA8266] TIPTON
1966 processing [IA8296] TOLEDO
1966 processing [IA8339] TRIPOLI-4-N
1966 processing [IA8568] VINTON
1966 processing [IA8688] WASHINGTON
1966 processing [IA8755] WAUKON
1966 processing [IA8806] WEBSTER-CITY
1966 processing [IA9067] WILLIAMSBURG
1966 processing [IA9132] WINTERSET
1967 processing [IA0112] ALBIA
1967 processing [IA0133] ALGONA
1967 processing [IA0157] ALLISON
1967 processing [IA0200] AMES-8-WSW
1967 processing [IA0213] ANAMOSA-1-WNW
1967 processing [IA0241] ANKENY-3-S
1967 processing [IA0364] ATLANTIC-1-NE
1967 processing [IA0385] AUDUBON
1967 processing [IA0576] BEDFORD-1-NNW
1967 processing [IA0600] BELLE-PLAINE
1967 processing [IA0608] BELLEVUE-L-AND-D-12
1967 processing [IA0753] BLOOMFIELD
1967 processing [IA0923] BRITT
1967 processing [IA1233] CARROLL-2-SSW
1967 processing [IA1257] CASCADE
1967 processing [IA1277] CASTANA-EXP-FARM
1967 processing [IA1319] CEDAR-RAPIDS-1
1967 processing [IA1354] CENTERVILLE
1967 processing [IA1394] CHARITON
1967 processing [IA1402] CHARLES-CITY
1967 processing [IA1442] CHEROKEE
1967 processing [IA1533] CLARINDA
1967 processing [IA1541] CLARION
1967 processing [IA1635] CLINTON-1
1967 processing [IA1731] COLUMBUS-JCT-2-SSW
1967 processing [IA1833] CORNING
1967 processing [IA1954] CRESCO-1-NE
1967 processing [IA2110] DECORAH-2-N
1967 processing [IA2171] DENISON
1967 processing [IA2364] DUBUQUE-LOCK-AND-DAM
1967 processing [IA2689] EMMETSBURG
1967 processing [IA2724] ESTHERVILLE-2-N
1967 processing [IA2789] FAIRFIELD
1967 processing [IA2864] FAYETTE
1967 processing [IA2977] FOREST-CITY
1967 processing [IA2999] FORT-DODGE
1967 processing [IA3007] FORT-MADISON
1967 processing [IA3290] GLENWOOD
1967 processing [IA3438] GREENFIELD
1967 processing [IA3473] GRINNELL-3-SW
1967 processing [IA3487] GRUNDY-CENTER
1967 processing [IA3509] GUTHRIE-CENTER
1967 processing [IA3517] GUTTENBERG-L-AND-D-10
1967 processing [IA3584] HAMPTON-2-NW
1967 processing [IA3632] HARLAN
1967 processing [IA3718] HAWARDEN
1967 processing [IA4038] IDA-GROVE
1967 processing [IA4063] INDIANOLA-2-SSW
1967 processing [IA4101] IOWA-CITY
1967 processing [IA4142] IOWA-FALLS
1967 processing [IA4228] JEFFERSON
1967 processing [IA4389] KEOSAUQUA
1967 processing [IA4502] KNOXVILLE
1967 processing [IA4735] LEMARS
1967 processing [IA4894] LOGAN
1967 processing [IA5086] MANCHESTER-2
1967 processing [IA5131] MAQUOKETA-2-W
1967 processing [IA5198] MARSHALLTOWN
1967 processing [IA5230] MASON-CITY
1967 processing [IA5493] MILFORD-4-NW
1967 processing [IA5769] MOUNT-AYR
1967 processing [IA5796] MOUNT-PLEASANT
1967 processing [IA5837] MUSCATINE
1967 processing [IA5952] NEW-HAMPTON
1967 processing [IA5992] NEWTON
1967 processing [IA6103] NORTHWOOD
1967 processing [IA6151] OAKLAND-2-E
1967 processing [IA6200] OELWEIN-2-S
1967 processing [IA6243] ONAWA
1967 processing [IA6305] OSAGE
1967 processing [IA6316] OSCEOLA-3-WSW
1967 processing [IA6327] OSKALOOSA
1967 processing [IA6566] PERRY
1967 processing [IA6719] POCAHONTAS
1967 processing [IA6800] PRIMGHAR
1967 processing [IA6940] RED-OAK
1967 processing [IA7147] ROCK-RAPIDS
1967 processing [IA7161] ROCKWELL-CITY
1967 processing [IA7312] SAC-CITY
1967 processing [IA7613] SHENANDOAH-1-NE
1967 processing [IA7664] SIBLEY-5-NNE
1967 processing [IA7669] SIDNEY
1967 processing [IA7678] SIGOURNEY
1967 processing [IA7708] SIOUX-CITY-WSO-AP
1967 processing [IA7726] SIOUX-RAPIDS
1967 processing [IA7979] STORM-LAKE-2-E
1967 processing [IA8266] TIPTON
1967 processing [IA8296] TOLEDO
1967 processing [IA8339] TRIPOLI-4-N
1967 processing [IA8568] VINTON
1967 processing [IA8688] WASHINGTON
1967 processing [IA8755] WAUKON
1967 processing [IA8806] WEBSTER-CITY
1967 processing [IA9067] WILLIAMSBURG
1967 processing [IA9132] WINTERSET
1968 processing [IA0112] ALBIA
1968 processing [IA0133] ALGONA
1968 processing [IA0157] ALLISON
1968 processing [IA0200] AMES-8-WSW
1968 processing [IA0213] ANAMOSA-1-WNW
1968 processing [IA0241] ANKENY-3-S
1968 processing [IA0364] ATLANTIC-1-NE
1968 processing [IA0385] AUDUBON
1968 processing [IA0576] BEDFORD-1-NNW
1968 processing [IA0600] BELLE-PLAINE
1968 processing [IA0608] BELLEVUE-L-AND-D-12
1968 processing [IA0753] BLOOMFIELD
1968 processing [IA0923] BRITT
1968 processing [IA1233] CARROLL-2-SSW
1968 processing [IA1257] CASCADE
1968 processing [IA1277] CASTANA-EXP-FARM
1968 processing [IA1319] CEDAR-RAPIDS-1
1968 processing [IA1354] CENTERVILLE
1968 processing [IA1394] CHARITON
1968 processing [IA1402] CHARLES-CITY
1968 processing [IA1442] CHEROKEE
1968 processing [IA1533] CLARINDA
1968 processing [IA1541] CLARION
1968 processing [IA1635] CLINTON-1
1968 processing [IA1731] COLUMBUS-JCT-2-SSW
1968 processing [IA1833] CORNING
1968 processing [IA1954] CRESCO-1-NE
1968 processing [IA2110] DECORAH-2-N
1968 processing [IA2171] DENISON
1968 processing [IA2364] DUBUQUE-LOCK-AND-DAM
1968 processing [IA2689] EMMETSBURG
1968 processing [IA2724] ESTHERVILLE-2-N
1968 processing [IA2789] FAIRFIELD
1968 processing [IA2864] FAYETTE
1968 processing [IA2977] FOREST-CITY
1968 processing [IA2999] FORT-DODGE
1968 processing [IA3007] FORT-MADISON
1968 processing [IA3290] GLENWOOD
1968 processing [IA3438] GREENFIELD
1968 processing [IA3473] GRINNELL-3-SW
1968 processing [IA3487] GRUNDY-CENTER
1968 processing [IA3509] GUTHRIE-CENTER
1968 processing [IA3517] GUTTENBERG-L-AND-D-10
1968 processing [IA3584] HAMPTON-2-NW
1968 processing [IA3632] HARLAN
1968 processing [IA3718] HAWARDEN
1968 processing [IA4038] IDA-GROVE
1968 processing [IA4063] INDIANOLA-2-SSW
1968 processing [IA4101] IOWA-CITY
1968 processing [IA4142] IOWA-FALLS
1968 processing [IA4228] JEFFERSON
1968 processing [IA4389] KEOSAUQUA
1968 processing [IA4502] KNOXVILLE
1968 processing [IA4735] LEMARS
1968 processing [IA4894] LOGAN
1968 processing [IA5086] MANCHESTER-2
1968 processing [IA5131] MAQUOKETA-2-W
1968 processing [IA5198] MARSHALLTOWN
1968 processing [IA5230] MASON-CITY
1968 processing [IA5493] MILFORD-4-NW
1968 processing [IA5769] MOUNT-AYR
1968 processing [IA5796] MOUNT-PLEASANT
1968 processing [IA5837] MUSCATINE
1968 processing [IA5952] NEW-HAMPTON
1968 processing [IA5992] NEWTON
1968 processing [IA6103] NORTHWOOD
1968 processing [IA6151] OAKLAND-2-E
1968 processing [IA6200] OELWEIN-2-S
1968 processing [IA6243] ONAWA
1968 processing [IA6305] OSAGE
1968 processing [IA6316] OSCEOLA-3-WSW
1968 processing [IA6327] OSKALOOSA
1968 processing [IA6566] PERRY
1968 processing [IA6719] POCAHONTAS
1968 processing [IA6800] PRIMGHAR
1968 processing [IA6940] RED-OAK
1968 processing [IA7147] ROCK-RAPIDS
1968 processing [IA7161] ROCKWELL-CITY
1968 processing [IA7312] SAC-CITY
1968 processing [IA7613] SHENANDOAH-1-NE
1968 processing [IA7664] SIBLEY-5-NNE
1968 processing [IA7669] SIDNEY
1968 processing [IA7678] SIGOURNEY
1968 processing [IA7708] SIOUX-CITY-WSO-AP
1968 processing [IA7726] SIOUX-RAPIDS
1968 processing [IA7979] STORM-LAKE-2-E
1968 processing [IA8266] TIPTON
1968 processing [IA8296] TOLEDO
1968 processing [IA8339] TRIPOLI-4-N
1968 processing [IA8568] VINTON
1968 processing [IA8688] WASHINGTON
1968 processing [IA8755] WAUKON
1968 processing [IA8806] WEBSTER-CITY
1968 processing [IA9067] WILLIAMSBURG
1968 processing [IA9132] WINTERSET
1969 processing [IA0112] ALBIA
1969 processing [IA0133] ALGONA
1969 processing [IA0157] ALLISON
1969 processing [IA0200] AMES-8-WSW
1969 processing [IA0213] ANAMOSA-1-WNW
1969 processing [IA0241] ANKENY-3-S
1969 processing [IA0364] ATLANTIC-1-NE
1969 processing [IA0385] AUDUBON
1969 processing [IA0576] BEDFORD-1-NNW
1969 processing [IA0600] BELLE-PLAINE
1969 processing [IA0608] BELLEVUE-L-AND-D-12
1969 processing [IA0753] BLOOMFIELD
1969 processing [IA0923] BRITT
1969 processing [IA1233] CARROLL-2-SSW
1969 processing [IA1257] CASCADE
1969 processing [IA1277] CASTANA-EXP-FARM
1969 processing [IA1319] CEDAR-RAPIDS-1
1969 processing [IA1354] CENTERVILLE
1969 processing [IA1394] CHARITON
1969 processing [IA1402] CHARLES-CITY
1969 processing [IA1442] CHEROKEE
1969 processing [IA1533] CLARINDA
1969 processing [IA1541] CLARION
1969 processing [IA1635] CLINTON-1
1969 processing [IA1731] COLUMBUS-JCT-2-SSW
1969 processing [IA1833] CORNING
1969 processing [IA1954] CRESCO-1-NE
1969 processing [IA2110] DECORAH-2-N
1969 processing [IA2171] DENISON
1969 processing [IA2364] DUBUQUE-LOCK-AND-DAM
1969 processing [IA2689] EMMETSBURG
1969 processing [IA2724] ESTHERVILLE-2-N
1969 processing [IA2789] FAIRFIELD
1969 processing [IA2864] FAYETTE
1969 processing [IA2977] FOREST-CITY
1969 processing [IA2999] FORT-DODGE
1969 processing [IA3007] FORT-MADISON
1969 processing [IA3290] GLENWOOD
1969 processing [IA3438] GREENFIELD
1969 processing [IA3473] GRINNELL-3-SW
1969 processing [IA3487] GRUNDY-CENTER
1969 processing [IA3509] GUTHRIE-CENTER
1969 processing [IA3517] GUTTENBERG-L-AND-D-10
1969 processing [IA3584] HAMPTON-2-NW
1969 processing [IA3632] HARLAN
1969 processing [IA3718] HAWARDEN
1969 processing [IA4038] IDA-GROVE
1969 processing [IA4063] INDIANOLA-2-SSW
1969 processing [IA4101] IOWA-CITY
1969 processing [IA4142] IOWA-FALLS
1969 processing [IA4228] JEFFERSON
1969 processing [IA4389] KEOSAUQUA
1969 processing [IA4502] KNOXVILLE
1969 processing [IA4735] LEMARS
1969 processing [IA4894] LOGAN
1969 processing [IA5086] MANCHESTER-2
1969 processing [IA5131] MAQUOKETA-2-W
1969 processing [IA5198] MARSHALLTOWN
1969 processing [IA5230] MASON-CITY
1969 processing [IA5493] MILFORD-4-NW
1969 processing [IA5769] MOUNT-AYR
1969 processing [IA5796] MOUNT-PLEASANT
1969 processing [IA5837] MUSCATINE
1969 processing [IA5952] NEW-HAMPTON
1969 processing [IA5992] NEWTON
1969 processing [IA6103] NORTHWOOD
1969 processing [IA6151] OAKLAND-2-E
1969 processing [IA6200] OELWEIN-2-S
1969 processing [IA6243] ONAWA
1969 processing [IA6305] OSAGE
1969 processing [IA6316] OSCEOLA-3-WSW
1969 processing [IA6327] OSKALOOSA
1969 processing [IA6566] PERRY
1969 processing [IA6719] POCAHONTAS
1969 processing [IA6800] PRIMGHAR
1969 processing [IA6940] RED-OAK
1969 processing [IA7147] ROCK-RAPIDS
1969 processing [IA7161] ROCKWELL-CITY
1969 processing [IA7312] SAC-CITY
1969 processing [IA7613] SHENANDOAH-1-NE
1969 processing [IA7664] SIBLEY-5-NNE
1969 processing [IA7669] SIDNEY
1969 processing [IA7678] SIGOURNEY
1969 processing [IA7708] SIOUX-CITY-WSO-AP
1969 processing [IA7726] SIOUX-RAPIDS
1969 processing [IA7979] STORM-LAKE-2-E
1969 processing [IA8266] TIPTON
1969 processing [IA8296] TOLEDO
1969 processing [IA8339] TRIPOLI-4-N
1969 processing [IA8568] VINTON
1969 processing [IA8688] WASHINGTON
1969 processing [IA8755] WAUKON
1969 processing [IA8806] WEBSTER-CITY
1969 processing [IA9067] WILLIAMSBURG
1969 processing [IA9132] WINTERSET
1970 processing [IA0112] ALBIA
1970 processing [IA0133] ALGONA
1970 processing [IA0157] ALLISON
1970 processing [IA0200] AMES-8-WSW
1970 processing [IA0213] ANAMOSA-1-WNW
1970 processing [IA0241] ANKENY-3-S
1970 processing [IA0364] ATLANTIC-1-NE
1970 processing [IA0385] AUDUBON
1970 processing [IA0576] BEDFORD-1-NNW
1970 processing [IA0600] BELLE-PLAINE
1970 processing [IA0608] BELLEVUE-L-AND-D-12
1970 processing [IA0753] BLOOMFIELD
1970 processing [IA0923] BRITT
1970 processing [IA1233] CARROLL-2-SSW
1970 processing [IA1257] CASCADE
1970 processing [IA1277] CASTANA-EXP-FARM
1970 processing [IA1319] CEDAR-RAPIDS-1
1970 processing [IA1354] CENTERVILLE
1970 processing [IA1394] CHARITON
1970 processing [IA1402] CHARLES-CITY
1970 processing [IA1442] CHEROKEE
1970 processing [IA1533] CLARINDA
1970 processing [IA1541] CLARION
1970 processing [IA1635] CLINTON-1
1970 processing [IA1731] COLUMBUS-JCT-2-SSW
1970 processing [IA1833] CORNING
1970 processing [IA1954] CRESCO-1-NE
1970 processing [IA2110] DECORAH-2-N
1970 processing [IA2171] DENISON
1970 processing [IA2364] DUBUQUE-LOCK-AND-DAM
1970 processing [IA2689] EMMETSBURG
1970 processing [IA2724] ESTHERVILLE-2-N
1970 processing [IA2789] FAIRFIELD
1970 processing [IA2864] FAYETTE
1970 processing [IA2977] FOREST-CITY
1970 processing [IA2999] FORT-DODGE
1970 processing [IA3007] FORT-MADISON
1970 processing [IA3290] GLENWOOD
1970 processing [IA3438] GREENFIELD
1970 processing [IA3473] GRINNELL-3-SW
1970 processing [IA3487] GRUNDY-CENTER
1970 processing [IA3509] GUTHRIE-CENTER
1970 processing [IA3517] GUTTENBERG-L-AND-D-10
1970 processing [IA3584] HAMPTON-2-NW
1970 processing [IA3632] HARLAN
1970 processing [IA3718] HAWARDEN
1970 processing [IA4038] IDA-GROVE
1970 processing [IA4063] INDIANOLA-2-SSW
1970 processing [IA4101] IOWA-CITY
1970 processing [IA4142] IOWA-FALLS
1970 processing [IA4228] JEFFERSON
1970 processing [IA4389] KEOSAUQUA
1970 processing [IA4502] KNOXVILLE
1970 processing [IA4735] LEMARS
1970 processing [IA4894] LOGAN
1970 processing [IA5086] MANCHESTER-2
1970 processing [IA5131] MAQUOKETA-2-W
1970 processing [IA5198] MARSHALLTOWN
1970 processing [IA5230] MASON-CITY
1970 processing [IA5493] MILFORD-4-NW
1970 processing [IA5769] MOUNT-AYR
1970 processing [IA5796] MOUNT-PLEASANT
1970 processing [IA5837] MUSCATINE
1970 processing [IA5952] NEW-HAMPTON
1970 processing [IA5992] NEWTON
1970 processing [IA6103] NORTHWOOD
1970 processing [IA6151] OAKLAND-2-E
1970 processing [IA6200] OELWEIN-2-S
1970 processing [IA6243] ONAWA
1970 processing [IA6305] OSAGE
1970 processing [IA6316] OSCEOLA-3-WSW
1970 processing [IA6327] OSKALOOSA
1970 processing [IA6566] PERRY
1970 processing [IA6719] POCAHONTAS
1970 processing [IA6800] PRIMGHAR
1970 processing [IA6940] RED-OAK
1970 processing [IA7147] ROCK-RAPIDS
1970 processing [IA7161] ROCKWELL-CITY
1970 processing [IA7312] SAC-CITY
1970 processing [IA7613] SHENANDOAH-1-NE
1970 processing [IA7664] SIBLEY-5-NNE
1970 processing [IA7669] SIDNEY
1970 processing [IA7678] SIGOURNEY
1970 processing [IA7708] SIOUX-CITY-WSO-AP
1970 processing [IA7726] SIOUX-RAPIDS
1970 processing [IA7979] STORM-LAKE-2-E
1970 processing [IA8266] TIPTON
1970 processing [IA8296] TOLEDO
1970 processing [IA8339] TRIPOLI-4-N
1970 processing [IA8568] VINTON
1970 processing [IA8688] WASHINGTON
1970 processing [IA8755] WAUKON
1970 processing [IA8806] WEBSTER-CITY
1970 processing [IA9067] WILLIAMSBURG
1970 processing [IA9132] WINTERSET
