99.06.30 16:34 B D:\iowa clim. data\frcl51\am0200fr.dat <-- pv14b2.vincent /afs/iastate.edu/private/agclimo/ia.clim.data/frcl51.dir am0200fr.dat
100.04.18 10:56 A D:\iowa clim. data\frcl51\al0112fr.dat <-- pv14b2.vincent /afs/iastate.edu/private/agclimo/ia.clim.data/frcl51.dir al0112fr.dat
100.04.18 10:56 A D:\iowa clim. data\frcl51\al0133fr.dat <-- pv14b2.vincent /afs/iastate.edu/private/agclimo/ia.clim.data/frcl51.dir al0133fr.dat
100.04.18 10:56 A D:\iowa clim. data\frcl51\al0157fr.dat <-- pv14b2.vincent /afs/iastate.edu/private/agclimo/ia.clim.data/frcl51.dir al0157fr.dat
100.04.18 10:56 A D:\iowa clim. data\frcl51\am0200fr.dat <-- pv14b2.vincent /afs/iastate.edu/private/agclimo/ia.clim.data/frcl51.dir am0200fr.dat
100.04.18 10:56 A D:\iowa clim. data\frcl51\an0213fr.dat <-- pv14b2.vincent /afs/iastate.edu/private/agclimo/ia.clim.data/frcl51.dir an0213fr.dat
100.04.18 10:56 A D:\iowa clim. data\frcl51\an0241fr.dat <-- pv14b2.vincent /afs/iastate.edu/private/agclimo/ia.clim.data/frcl51.dir an0241fr.dat
100.04.18 10:56 A D:\iowa clim. data\frcl51\at0364fr.dat <-- pv14b2.vincent /afs/iastate.edu/private/agclimo/ia.clim.data/frcl51.dir at0364fr.dat
100.04.18 10:56 A D:\iowa clim. data\frcl51\au0385fr.dat <-- pv14b2.vincent /afs/iastate.edu/private/agclimo/ia.clim.data/frcl51.dir au0385fr.dat
100.04.18 10:56 A D:\iowa clim. data\frcl51\be0576fr.dat <-- pv14b2.vincent /afs/iastate.edu/private/agclimo/ia.clim.data/frcl51.dir be0576fr.dat
100.04.18 10:56 A D:\iowa clim. data\frcl51\be0600fr.dat <-- pv14b2.vincent /afs/iastate.edu/private/agclimo/ia.clim.data/frcl51.dir be0600fr.dat
100.04.18 10:56 A D:\iowa clim. data\frcl51\be0608fr.dat <-- pv14b2.vincent /afs/iastate.edu/private/agclimo/ia.clim.data/frcl51.dir be0608fr.dat
100.04.18 10:56 A D:\iowa clim. data\frcl51\bl0753fr.dat <-- pv14b2.vincent /afs/iastate.edu/private/agclimo/ia.clim.data/frcl51.dir bl0753fr.dat
100.04.18 10:56 A D:\iowa clim. data\frcl51\br0923fr.dat <-- pv14b2.vincent /afs/iastate.edu/private/agclimo/ia.clim.data/frcl51.dir br0923fr.dat
100.04.18 10:56 A D:\iowa clim. data\frcl51\ca1233fr.dat <-- pv14b2.vincent /afs/iastate.edu/private/agclimo/ia.clim.data/frcl51.dir ca1233fr.dat
100.04.18 10:56 A D:\iowa clim. data\frcl51\ca1257fr.dat <-- pv14b2.vincent /afs/iastate.edu/private/agclimo/ia.clim.data/frcl51.dir ca1257fr.dat
100.04.18 10:56 A D:\iowa clim. data\frcl51\ca1277fr.dat <-- pv14b2.vincent /afs/iastate.edu/private/agclimo/ia.clim.data/frcl51.dir ca1277fr.dat
100.04.18 10:56 A D:\iowa clim. data\frcl51\ce1319fr.dat <-- pv14b2.vincent /afs/iastate.edu/private/agclimo/ia.clim.data/frcl51.dir ce1319fr.dat
100.04.18 10:56 A D:\iowa clim. data\frcl51\ce1354fr.dat <-- pv14b2.vincent /afs/iastate.edu/private/agclimo/ia.clim.data/frcl51.dir ce1354fr.dat
100.04.18 10:56 A D:\iowa clim. data\frcl51\ch1394fr.dat <-- pv14b2.vincent /afs/iastate.edu/private/agclimo/ia.clim.data/frcl51.dir ch1394fr.dat
100.04.18 10:56 A D:\iowa clim. data\frcl51\ch1402fr.dat <-- pv14b2.vincent /afs/iastate.edu/private/agclimo/ia.clim.data/frcl51.dir ch1402fr.dat
100.04.18 10:56 A D:\iowa clim. data\frcl51\ch1442fr.dat <-- pv14b2.vincent /afs/iastate.edu/private/agclimo/ia.clim.data/frcl51.dir ch1442fr.dat
100.04.18 10:56 A D:\iowa clim. data\frcl51\cl1533fr.dat <-- pv14b2.vincent /afs/iastate.edu/private/agclimo/ia.clim.data/frcl51.dir cl1533fr.dat
100.04.18 10:56 A D:\iowa clim. data\frcl51\cl1541fr.dat <-- pv14b2.vincent /afs/iastate.edu/private/agclimo/ia.clim.data/frcl51.dir cl1541fr.dat
100.04.18 10:56 A D:\iowa clim. data\frcl51\cl1635fr.dat <-- pv14b2.vincent /afs/iastate.edu/private/agclimo/ia.clim.data/frcl51.dir cl1635fr.dat
100.04.18 10:56 A D:\iowa clim. data\frcl51\co1731fr.dat <-- pv14b2.vincent /afs/iastate.edu/private/agclimo/ia.clim.data/frcl51.dir co1731fr.dat
100.04.18 10:56 A D:\iowa clim. data\frcl51\co1833fr.dat <-- pv14b2.vincent /afs/iastate.edu/private/agclimo/ia.clim.data/frcl51.dir co1833fr.dat
100.04.18 10:56 A D:\iowa clim. data\frcl51\cr1954fr.dat <-- pv14b2.vincent /afs/iastate.edu/private/agclimo/ia.clim.data/frcl51.dir cr1954fr.dat
100.04.18 10:56 A D:\iowa clim. data\frcl51\de2110fr.dat <-- pv14b2.vincent /afs/iastate.edu/private/agclimo/ia.clim.data/frcl51.dir de2110fr.dat
100.04.18 10:56 A D:\iowa clim. data\frcl51\de2171fr.dat <-- pv14b2.vincent /afs/iastate.edu/private/agclimo/ia.clim.data/frcl51.dir de2171fr.dat
100.04.18 10:56 A D:\iowa clim. data\frcl51\du2364fr.dat <-- pv14b2.vincent /afs/iastate.edu/private/agclimo/ia.clim.data/frcl51.dir du2364fr.dat
100.04.18 10:56 A D:\iowa clim. data\frcl51\em2689fr.dat <-- pv14b2.vincent /afs/iastate.edu/private/agclimo/ia.clim.data/frcl51.dir em2689fr.dat
100.04.18 10:56 A D:\iowa clim. data\frcl51\es2724fr.dat <-- pv14b2.vincent /afs/iastate.edu/private/agclimo/ia.clim.data/frcl51.dir es2724fr.dat
100.04.18 10:56 A D:\iowa clim. data\frcl51\fa2789fr.dat <-- pv14b2.vincent /afs/iastate.edu/private/agclimo/ia.clim.data/frcl51.dir fa2789fr.dat
100.04.18 10:56 A D:\iowa clim. data\frcl51\fa2864fr.dat <-- pv14b2.vincent /afs/iastate.edu/private/agclimo/ia.clim.data/frcl51.dir fa2864fr.dat
100.04.18 10:56 A D:\iowa clim. data\frcl51\fo2977fr.dat <-- pv14b2.vincent /afs/iastate.edu/private/agclimo/ia.clim.data/frcl51.dir fo2977fr.dat
100.04.18 10:56 A D:\iowa clim. data\frcl51\fo2999fr.dat <-- pv14b2.vincent /afs/iastate.edu/private/agclimo/ia.clim.data/frcl51.dir fo2999fr.dat
100.04.18 10:56 A D:\iowa clim. data\frcl51\fo3007fr.dat <-- pv14b2.vincent /afs/iastate.edu/private/agclimo/ia.clim.data/frcl51.dir fo3007fr.dat
100.04.18 10:56 A D:\iowa clim. data\frcl51\gl3290fr.dat <-- pv14b2.vincent /afs/iastate.edu/private/agclimo/ia.clim.data/frcl51.dir gl3290fr.dat
100.04.18 10:56 A D:\iowa clim. data\frcl51\gr3438fr.dat <-- pv14b2.vincent /afs/iastate.edu/private/agclimo/ia.clim.data/frcl51.dir gr3438fr.dat
100.04.18 10:56 A D:\iowa clim. data\frcl51\gr3473fr.dat <-- pv14b2.vincent /afs/iastate.edu/private/agclimo/ia.clim.data/frcl51.dir gr3473fr.dat
100.04.18 10:56 A D:\iowa clim. data\frcl51\gr3487fr.dat <-- pv14b2.vincent /afs/iastate.edu/private/agclimo/ia.clim.data/frcl51.dir gr3487fr.dat
100.04.18 10:56 A D:\iowa clim. data\frcl51\gu3509fr.dat <-- pv14b2.vincent /afs/iastate.edu/private/agclimo/ia.clim.data/frcl51.dir gu3509fr.dat
100.04.18 10:56 A D:\iowa clim. data\frcl51\gu3517fr.dat <-- pv14b2.vincent /afs/iastate.edu/private/agclimo/ia.clim.data/frcl51.dir gu3517fr.dat
100.04.18 10:56 A D:\iowa clim. data\frcl51\ha3584fr.dat <-- pv14b2.vincent /afs/iastate.edu/private/agclimo/ia.clim.data/frcl51.dir ha3584fr.dat
100.04.18 10:56 A D:\iowa clim. data\frcl51\ha3632fr.dat <-- pv14b2.vincent /afs/iastate.edu/private/agclimo/ia.clim.data/frcl51.dir ha3632fr.dat
100.04.18 10:56 A D:\iowa clim. data\frcl51\ha3718fr.dat <-- pv14b2.vincent /afs/iastate.edu/private/agclimo/ia.clim.data/frcl51.dir ha3718fr.dat
100.04.18 10:57 A D:\iowa clim. data\frcl51\hu3985fr.dat <-- pv14b2.vincent /afs/iastate.edu/private/agclimo/ia.clim.data/frcl51.dir hu3985fr.dat
100.04.18 10:57 A D:\iowa clim. data\frcl51\id4038fr.dat <-- pv14b2.vincent /afs/iastate.edu/private/agclimo/ia.clim.data/frcl51.dir id4038fr.dat
100.04.18 10:57 A D:\iowa clim. data\frcl51\in4052fr.dat <-- pv14b2.vincent /afs/iastate.edu/private/agclimo/ia.clim.data/frcl51.dir in4052fr.dat
100.04.18 10:57 A D:\iowa clim. data\frcl51\in4063fr.dat <-- pv14b2.vincent /afs/iastate.edu/private/agclimo/ia.clim.data/frcl51.dir in4063fr.dat
100.04.18 10:57 A D:\iowa clim. data\frcl51\io4101fr.dat <-- pv14b2.vincent /afs/iastate.edu/private/agclimo/ia.clim.data/frcl51.dir io4101fr.dat
100.04.18 10:57 A D:\iowa clim. data\frcl51\io4142fr.dat <-- pv14b2.vincent /afs/iastate.edu/private/agclimo/ia.clim.data/frcl51.dir io4142fr.dat
100.04.18 10:57 A D:\iowa clim. data\frcl51\je4228fr.dat <-- pv14b2.vincent /afs/iastate.edu/private/agclimo/ia.clim.data/frcl51.dir je4228fr.dat
100.04.18 10:57 A D:\iowa clim. data\frcl51\ke4389fr.dat <-- pv14b2.vincent /afs/iastate.edu/private/agclimo/ia.clim.data/frcl51.dir ke4389fr.dat
100.04.18 10:57 A D:\iowa clim. data\frcl51\kn4502fr.dat <-- pv14b2.vincent /afs/iastate.edu/private/agclimo/ia.clim.data/frcl51.dir kn4502fr.dat
100.04.18 10:57 A D:\iowa clim. data\frcl51\le4735fr.dat <-- pv14b2.vincent /afs/iastate.edu/private/agclimo/ia.clim.data/frcl51.dir le4735fr.dat
100.04.18 10:57 A D:\iowa clim. data\frcl51\lo4894fr.dat <-- pv14b2.vincent /afs/iastate.edu/private/agclimo/ia.clim.data/frcl51.dir lo4894fr.dat
100.04.18 10:57 A D:\iowa clim. data\frcl51\ma5086fr.dat <-- pv14b2.vincent /afs/iastate.edu/private/agclimo/ia.clim.data/frcl51.dir ma5086fr.dat
100.04.18 10:57 A D:\iowa clim. data\frcl51\ma5131fr.dat <-- pv14b2.vincent /afs/iastate.edu/private/agclimo/ia.clim.data/frcl51.dir ma5131fr.dat
100.04.18 10:57 A D:\iowa clim. data\frcl51\ma5198fr.dat <-- pv14b2.vincent /afs/iastate.edu/private/agclimo/ia.clim.data/frcl51.dir ma5198fr.dat
100.04.18 10:57 A D:\iowa clim. data\frcl51\ma5230fr.dat <-- pv14b2.vincent /afs/iastate.edu/private/agclimo/ia.clim.data/frcl51.dir ma5230fr.dat
100.04.18 10:57 A D:\iowa clim. data\frcl51\mi5493fr.dat <-- pv14b2.vincent /afs/iastate.edu/private/agclimo/ia.clim.data/frcl51.dir mi5493fr.dat
100.04.18 10:57 A D:\iowa clim. data\frcl51\mo5796fr.dat <-- pv14b2.vincent /afs/iastate.edu/private/agclimo/ia.clim.data/frcl51.dir mo5796fr.dat
100.04.18 10:57 A D:\iowa clim. data\frcl51\mt5769fr.dat <-- pv14b2.vincent /afs/iastate.edu/private/agclimo/ia.clim.data/frcl51.dir mt5769fr.dat
100.04.18 10:57 A D:\iowa clim. data\frcl51\mu5837fr.dat <-- pv14b2.vincent /afs/iastate.edu/private/agclimo/ia.clim.data/frcl51.dir mu5837fr.dat
100.04.18 10:57 A D:\iowa clim. data\frcl51\ne5952fr.dat <-- pv14b2.vincent /afs/iastate.edu/private/agclimo/ia.clim.data/frcl51.dir ne5952fr.dat
100.04.18 10:57 A D:\iowa clim. data\frcl51\ne5992fr.dat <-- pv14b2.vincent /afs/iastate.edu/private/agclimo/ia.clim.data/frcl51.dir ne5992fr.dat
100.04.18 10:57 A D:\iowa clim. data\frcl51\no6103fr.dat <-- pv14b2.vincent /afs/iastate.edu/private/agclimo/ia.clim.data/frcl51.dir no6103fr.dat
100.04.18 10:57 A D:\iowa clim. data\frcl51\oa6151fr.dat <-- pv14b2.vincent /afs/iastate.edu/private/agclimo/ia.clim.data/frcl51.dir oa6151fr.dat
100.04.18 10:57 A D:\iowa clim. data\frcl51\oe6200fr.dat <-- pv14b2.vincent /afs/iastate.edu/private/agclimo/ia.clim.data/frcl51.dir oe6200fr.dat
100.04.18 10:57 A D:\iowa clim. data\frcl51\on6243fr.dat <-- pv14b2.vincent /afs/iastate.edu/private/agclimo/ia.clim.data/frcl51.dir on6243fr.dat
100.04.18 10:57 A D:\iowa clim. data\frcl51\os6305fr.dat <-- pv14b2.vincent /afs/iastate.edu/private/agclimo/ia.clim.data/frcl51.dir os6305fr.dat
100.04.18 10:57 A D:\iowa clim. data\frcl51\os6316fr.dat <-- pv14b2.vincent /afs/iastate.edu/private/agclimo/ia.clim.data/frcl51.dir os6316fr.dat
100.04.18 10:57 A D:\iowa clim. data\frcl51\os6327fr.dat <-- pv14b2.vincent /afs/iastate.edu/private/agclimo/ia.clim.data/frcl51.dir os6327fr.dat
100.04.18 10:57 A D:\iowa clim. data\frcl51\pe6566fr.dat <-- pv14b2.vincent /afs/iastate.edu/private/agclimo/ia.clim.data/frcl51.dir pe6566fr.dat
100.04.18 10:57 A D:\iowa clim. data\frcl51\po6719fr.dat <-- pv14b2.vincent /afs/iastate.edu/private/agclimo/ia.clim.data/frcl51.dir po6719fr.dat
100.04.18 10:57 A D:\iowa clim. data\frcl51\pr6800fr.dat <-- pv14b2.vincent /afs/iastate.edu/private/agclimo/ia.clim.data/frcl51.dir pr6800fr.dat
100.04.18 10:57 A D:\iowa clim. data\frcl51\re6940fr.dat <-- pv14b2.vincent /afs/iastate.edu/private/agclimo/ia.clim.data/frcl51.dir re6940fr.dat
100.04.18 10:57 A D:\iowa clim. data\frcl51\ro7147fr.dat <-- pv14b2.vincent /afs/iastate.edu/private/agclimo/ia.clim.data/frcl51.dir ro7147fr.dat
100.04.18 10:57 A D:\iowa clim. data\frcl51\ro7161fr.dat <-- pv14b2.vincent /afs/iastate.edu/private/agclimo/ia.clim.data/frcl51.dir ro7161fr.dat
100.04.18 10:57 A D:\iowa clim. data\frcl51\sa7312fr.dat <-- pv14b2.vincent /afs/iastate.edu/private/agclimo/ia.clim.data/frcl51.dir sa7312fr.dat
100.04.18 10:57 A D:\iowa clim. data\frcl51\sh7613fr.dat <-- pv14b2.vincent /afs/iastate.edu/private/agclimo/ia.clim.data/frcl51.dir sh7613fr.dat
100.04.18 10:57 A D:\iowa clim. data\frcl51\si7664fr.dat <-- pv14b2.vincent /afs/iastate.edu/private/agclimo/ia.clim.data/frcl51.dir si7664fr.dat
100.04.18 10:57 A D:\iowa clim. data\frcl51\si7669fr.dat <-- pv14b2.vincent /afs/iastate.edu/private/agclimo/ia.clim.data/frcl51.dir si7669fr.dat
100.04.18 10:57 A D:\iowa clim. data\frcl51\si7678fr.dat <-- pv14b2.vincent /afs/iastate.edu/private/agclimo/ia.clim.data/frcl51.dir si7678fr.dat
100.04.18 10:57 A D:\iowa clim. data\frcl51\si7708fr.dat <-- pv14b2.vincent /afs/iastate.edu/private/agclimo/ia.clim.data/frcl51.dir si7708fr.dat
100.04.18 10:57 A D:\iowa clim. data\frcl51\si7726fr.dat <-- pv14b2.vincent /afs/iastate.edu/private/agclimo/ia.clim.data/frcl51.dir si7726fr.dat
100.04.18 10:57 A D:\iowa clim. data\frcl51\st7979fr.dat <-- pv14b2.vincent /afs/iastate.edu/private/agclimo/ia.clim.data/frcl51.dir st7979fr.dat
100.04.18 10:57 A D:\iowa clim. data\frcl51\ti8266fr.dat <-- pv14b2.vincent /afs/iastate.edu/private/agclimo/ia.clim.data/frcl51.dir ti8266fr.dat
100.04.18 10:57 A D:\iowa clim. data\frcl51\to8296fr.dat <-- pv14b2.vincent /afs/iastate.edu/private/agclimo/ia.clim.data/frcl51.dir to8296fr.dat
100.04.18 10:57 A D:\iowa clim. data\frcl51\tr8339fr.dat <-- pv14b2.vincent /afs/iastate.edu/private/agclimo/ia.clim.data/frcl51.dir tr8339fr.dat
100.04.18 10:57 A D:\iowa clim. data\frcl51\vi8568fr.dat <-- pv14b2.vincent /afs/iastate.edu/private/agclimo/ia.clim.data/frcl51.dir vi8568fr.dat
100.04.18 10:57 A D:\iowa clim. data\frcl51\wa8688fr.dat <-- pv14b2.vincent /afs/iastate.edu/private/agclimo/ia.clim.data/frcl51.dir wa8688fr.dat
100.04.18 10:57 A D:\iowa clim. data\frcl51\wa8704fr.dat <-- pv14b2.vincent /afs/iastate.edu/private/agclimo/ia.clim.data/frcl51.dir wa8704fr.dat
100.04.18 10:57 A D:\iowa clim. data\frcl51\wa8755fr.dat <-- pv14b2.vincent /afs/iastate.edu/private/agclimo/ia.clim.data/frcl51.dir wa8755fr.dat
100.04.18 10:57 A D:\iowa clim. data\frcl51\we8806fr.dat <-- pv14b2.vincent /afs/iastate.edu/private/agclimo/ia.clim.data/frcl51.dir we8806fr.dat
100.04.18 10:57 A D:\iowa clim. data\frcl51\wi9067fr.dat <-- pv14b2.vincent /afs/iastate.edu/private/agclimo/ia.clim.data/frcl51.dir wi9067fr.dat
100.04.18 10:57 A D:\iowa clim. data\frcl51\wi9132fr.dat <-- pv14b2.vincent /afs/iastate.edu/private/agclimo/ia.clim.data/frcl51.dir wi9132fr.dat
